[2018-10-05 20:36:26.788] [exthost1] [info] extension host started
[2018-10-05 20:36:26.799] [exthost1] [info] ExtensionService#_doActivateExtension vscode.debug-auto-launch {"startup":true,"activationEvent":"*"}
[2018-10-05 20:36:26.799] [exthost1] [info] ExtensionService#loadCommonJSModule /opt/visual-studio-code/resources/app/extensions/debug-auto-launch/out/extension
[2018-10-05 20:36:26.802] [exthost1] [info] ExtensionService#_doActivateExtension vscode.emmet {"startup":true,"activationEvent":"*"}
[2018-10-05 20:36:26.802] [exthost1] [info] ExtensionService#loadCommonJSModule /opt/visual-studio-code/resources/app/extensions/emmet/dist/extension
[2018-10-05 20:36:26.827] [exthost1] [info] ExtensionService#_doActivateExtension vscode.git {"startup":true,"activationEvent":"*"}
[2018-10-05 20:36:26.827] [exthost1] [info] ExtensionService#loadCommonJSModule /opt/visual-studio-code/resources/app/extensions/git/dist/main
[2018-10-05 20:36:26.926] [exthost1] [info] ExtensionService#_doActivateExtension vscode.merge-conflict {"startup":true,"activationEvent":"*"}
[2018-10-05 20:36:26.926] [exthost1] [info] ExtensionService#loadCommonJSModule /opt/visual-studio-code/resources/app/extensions/merge-conflict/out/extension
[2018-10-05 20:36:26.932] [exthost1] [info] ExtensionService#_doActivateExtension vscode.search-rg {"startup":true,"activationEvent":"*"}
[2018-10-05 20:36:26.932] [exthost1] [info] ExtensionService#loadCommonJSModule /opt/visual-studio-code/resources/app/extensions/search-rg/out/extension
[2018-10-05 20:36:26.935] [exthost1] [info] ExtensionService#_doActivateExtension cmschuetz12.wal {"startup":true,"activationEvent":"*"}
[2018-10-05 20:36:26.935] [exthost1] [info] ExtensionService#loadCommonJSModule /home/vrelda/.vscode/extensions/cmschuetz12.wal-0.1.0/out/extension
[2018-10-05 20:36:26.954] [exthost1] [info] ExtensionService#_doActivateExtension kruemelkatze.vscode-dashboard {"startup":true,"activationEvent":"*"}
[2018-10-05 20:36:26.954] [exthost1] [info] ExtensionService#loadCommonJSModule /home/vrelda/.vscode/extensions/kruemelkatze.vscode-dashboard-1.1.0/out/dashboard
[2018-10-05 20:36:26.957] [exthost1] [info] ExtensionService#_doActivateExtension remimarsal.prettier-now {"startup":true,"activationEvent":"*"}
[2018-10-05 20:36:26.957] [exthost1] [info] ExtensionService#loadCommonJSModule /home/vrelda/.vscode/extensions/remimarsal.prettier-now-1.4.9/out/src/extension
[2018-10-05 20:36:26.997] [exthost1] [info] ExtensionService#_doActivateExtension robertohuertasm.vscode-icons {"startup":true,"activationEvent":"*"}
[2018-10-05 20:36:26.997] [exthost1] [info] ExtensionService#loadCommonJSModule /home/vrelda/.vscode/extensions/robertohuertasm.vscode-icons-7.27.0/out/src/
[2018-10-05 20:36:27.041] [exthost1] [info] ExtensionService#_doActivateExtension vscodevim.vim {"startup":true,"activationEvent":"*"}
[2018-10-05 20:36:27.041] [exthost1] [info] ExtensionService#loadCommonJSModule /home/vrelda/.vscode/extensions/vscodevim.vim-0.16.6/out/extension
[2018-10-05 20:36:27.254] [exthost1] [info] ExtensionService#_doActivateExtension WakaTime.vscode-wakatime {"startup":true,"activationEvent":"*"}
[2018-10-05 20:36:27.254] [exthost1] [info] ExtensionService#loadCommonJSModule /home/vrelda/.vscode/extensions/wakatime.vscode-wakatime-1.2.3/out/extension
[2018-10-05 20:36:27.256] [exthost1] [info] eager extensions activated
[2018-10-05 20:36:27.258] [exthost1] [info] ExtensionService#_doActivateExtension vscode.python {"startup":false,"activationEvent":"onLanguage:python"}
[2018-10-05 20:36:27.258] [exthost1] [info] ExtensionService#loadCommonJSModule /opt/visual-studio-code/resources/app/extensions/python/out/pythonMain
[2018-10-05 20:36:27.259] [exthost1] [info] ExtensionService#_doActivateExtension ms-python.python {"startup":false,"activationEvent":"onLanguage:python"}
[2018-10-05 20:36:27.259] [exthost1] [info] ExtensionService#loadCommonJSModule /home/vrelda/.vscode/extensions/ms-python.python-2018.8.0/out/client/extension
[2018-10-05 20:36:28.160] [exthost1] [info] ExtensionService#_doActivateExtension vscode.configuration-editing {"startup":false,"activationEvent":"onLanguage:jsonc"}
[2018-10-05 20:36:28.160] [exthost1] [info] ExtensionService#loadCommonJSModule /opt/visual-studio-code/resources/app/extensions/configuration-editing/out/extension
[2018-10-05 20:36:28.168] [exthost1] [info] ExtensionService#_doActivateExtension vscode.json-language-features {"startup":false,"activationEvent":"onLanguage:jsonc"}
[2018-10-05 20:36:28.168] [exthost1] [info] ExtensionService#loadCommonJSModule /opt/visual-studio-code/resources/app/extensions/json-language-features/client/dist/jsonMain
[2018-10-05 20:36:28.221] [exthost1] [info] ExtensionService#_doActivateExtension vscode.typescript-language-features {"startup":false,"activationEvent":"onLanguage:jsonc"}
[2018-10-05 20:36:28.221] [exthost1] [info] ExtensionService#loadCommonJSModule /opt/visual-studio-code/resources/app/extensions/typescript-language-features/dist/extension
[2018-10-05 20:42:50.091] [exthost1] [info] ExtensionService#_doActivateExtension vscode.html-language-features {"startup":false,"activationEvent":"onLanguage:html"}
[2018-10-05 20:42:50.091] [exthost1] [info] ExtensionService#loadCommonJSModule /opt/visual-studio-code/resources/app/extensions/html-language-features/client/dist/htmlMain
[2018-10-05 20:43:30.826] [exthost1] [info] extension host started
[2018-10-05 20:43:30.838] [exthost1] [info] ExtensionService#_doActivateExtension vscode.debug-auto-launch {"startup":true,"activationEvent":"*"}
[2018-10-05 20:43:30.838] [exthost1] [info] ExtensionService#loadCommonJSModule /opt/visual-studio-code/resources/app/extensions/debug-auto-launch/out/extension
[2018-10-05 20:43:30.842] [exthost1] [info] ExtensionService#_doActivateExtension vscode.emmet {"startup":true,"activationEvent":"*"}
[2018-10-05 20:43:30.842] [exthost1] [info] ExtensionService#loadCommonJSModule /opt/visual-studio-code/resources/app/extensions/emmet/dist/extension
[2018-10-05 20:43:30.872] [exthost1] [info] ExtensionService#_doActivateExtension vscode.git {"startup":true,"activationEvent":"*"}
[2018-10-05 20:43:30.872] [exthost1] [info] ExtensionService#loadCommonJSModule /opt/visual-studio-code/resources/app/extensions/git/dist/main
[2018-10-05 20:43:30.969] [exthost1] [info] ExtensionService#_doActivateExtension vscode.merge-conflict {"startup":true,"activationEvent":"*"}
[2018-10-05 20:43:30.969] [exthost1] [info] ExtensionService#loadCommonJSModule /opt/visual-studio-code/resources/app/extensions/merge-conflict/out/extension
[2018-10-05 20:43:30.975] [exthost1] [info] ExtensionService#_doActivateExtension vscode.search-rg {"startup":true,"activationEvent":"*"}
[2018-10-05 20:43:30.975] [exthost1] [info] ExtensionService#loadCommonJSModule /opt/visual-studio-code/resources/app/extensions/search-rg/out/extension
[2018-10-05 20:43:30.978] [exthost1] [info] ExtensionService#_doActivateExtension cmschuetz12.wal {"startup":true,"activationEvent":"*"}
[2018-10-05 20:43:30.978] [exthost1] [info] ExtensionService#loadCommonJSModule /home/vrelda/.vscode/extensions/cmschuetz12.wal-0.1.0/out/extension
[2018-10-05 20:43:30.996] [exthost1] [info] ExtensionService#_doActivateExtension kruemelkatze.vscode-dashboard {"startup":true,"activationEvent":"*"}
[2018-10-05 20:43:30.996] [exthost1] [info] ExtensionService#loadCommonJSModule /home/vrelda/.vscode/extensions/kruemelkatze.vscode-dashboard-1.1.0/out/dashboard
[2018-10-05 20:43:30.998] [exthost1] [info] ExtensionService#_doActivateExtension remimarsal.prettier-now {"startup":true,"activationEvent":"*"}
[2018-10-05 20:43:30.998] [exthost1] [info] ExtensionService#loadCommonJSModule /home/vrelda/.vscode/extensions/remimarsal.prettier-now-1.4.9/out/src/extension
[2018-10-05 20:43:31.037] [exthost1] [info] ExtensionService#_doActivateExtension robertohuertasm.vscode-icons {"startup":true,"activationEvent":"*"}
[2018-10-05 20:43:31.037] [exthost1] [info] ExtensionService#loadCommonJSModule /home/vrelda/.vscode/extensions/robertohuertasm.vscode-icons-7.27.0/out/src/
[2018-10-05 20:43:31.081] [exthost1] [info] ExtensionService#_doActivateExtension vscodevim.vim {"startup":true,"activationEvent":"*"}
[2018-10-05 20:43:31.081] [exthost1] [info] ExtensionService#loadCommonJSModule /home/vrelda/.vscode/extensions/vscodevim.vim-0.16.6/out/extension
[2018-10-05 20:43:31.295] [exthost1] [info] ExtensionService#_doActivateExtension WakaTime.vscode-wakatime {"startup":true,"activationEvent":"*"}
[2018-10-05 20:43:31.295] [exthost1] [info] ExtensionService#loadCommonJSModule /home/vrelda/.vscode/extensions/wakatime.vscode-wakatime-1.2.3/out/extension
[2018-10-05 20:43:31.297] [exthost1] [info] eager extensions activated
[2018-10-05 20:43:31.456] [exthost1] [info] ExtensionService#_doActivateExtension vscode.configuration-editing {"startup":false,"activationEvent":"onLanguage:jsonc"}
[2018-10-05 20:43:31.456] [exthost1] [info] ExtensionService#loadCommonJSModule /opt/visual-studio-code/resources/app/extensions/configuration-editing/out/extension
[2018-10-05 20:43:31.462] [exthost1] [info] ExtensionService#_doActivateExtension vscode.json-language-features {"startup":false,"activationEvent":"onLanguage:jsonc"}
[2018-10-05 20:43:31.462] [exthost1] [info] ExtensionService#loadCommonJSModule /opt/visual-studio-code/resources/app/extensions/json-language-features/client/dist/jsonMain
[2018-10-05 20:43:31.523] [exthost1] [info] ExtensionService#_doActivateExtension vscode.typescript-language-features {"startup":false,"activationEvent":"onLanguage:jsonc"}
[2018-10-05 20:43:31.523] [exthost1] [info] ExtensionService#loadCommonJSModule /opt/visual-studio-code/resources/app/extensions/typescript-language-features/dist/extension
[2018-10-05 20:47:47.772] [exthost1] [info] extension host started
[2018-10-05 20:47:47.782] [exthost1] [info] ExtensionService#_doActivateExtension vscode.debug-auto-launch {"startup":true,"activationEvent":"*"}
[2018-10-05 20:47:47.782] [exthost1] [info] ExtensionService#loadCommonJSModule /opt/visual-studio-code/resources/app/extensions/debug-auto-launch/out/extension
[2018-10-05 20:47:47.786] [exthost1] [info] ExtensionService#_doActivateExtension vscode.emmet {"startup":true,"activationEvent":"*"}
[2018-10-05 20:47:47.786] [exthost1] [info] ExtensionService#loadCommonJSModule /opt/visual-studio-code/resources/app/extensions/emmet/dist/extension
[2018-10-05 20:47:47.810] [exthost1] [info] ExtensionService#_doActivateExtension vscode.git {"startup":true,"activationEvent":"*"}
[2018-10-05 20:47:47.810] [exthost1] [info] ExtensionService#loadCommonJSModule /opt/visual-studio-code/resources/app/extensions/git/dist/main
[2018-10-05 20:47:47.908] [exthost1] [info] ExtensionService#_doActivateExtension vscode.merge-conflict {"startup":true,"activationEvent":"*"}
[2018-10-05 20:47:47.908] [exthost1] [info] ExtensionService#loadCommonJSModule /opt/visual-studio-code/resources/app/extensions/merge-conflict/out/extension
[2018-10-05 20:47:47.915] [exthost1] [info] ExtensionService#_doActivateExtension vscode.search-rg {"startup":true,"activationEvent":"*"}
[2018-10-05 20:47:47.915] [exthost1] [info] ExtensionService#loadCommonJSModule /opt/visual-studio-code/resources/app/extensions/search-rg/out/extension
[2018-10-05 20:47:47.918] [exthost1] [info] ExtensionService#_doActivateExtension cmschuetz12.wal {"startup":true,"activationEvent":"*"}
[2018-10-05 20:47:47.918] [exthost1] [info] ExtensionService#loadCommonJSModule /home/vrelda/.vscode/extensions/cmschuetz12.wal-0.1.0/out/extension
[2018-10-05 20:47:47.936] [exthost1] [info] ExtensionService#_doActivateExtension kruemelkatze.vscode-dashboard {"startup":true,"activationEvent":"*"}
[2018-10-05 20:47:47.936] [exthost1] [info] ExtensionService#loadCommonJSModule /home/vrelda/.vscode/extensions/kruemelkatze.vscode-dashboard-1.1.0/out/dashboard
[2018-10-05 20:47:47.939] [exthost1] [info] ExtensionService#_doActivateExtension remimarsal.prettier-now {"startup":true,"activationEvent":"*"}
[2018-10-05 20:47:47.939] [exthost1] [info] ExtensionService#loadCommonJSModule /home/vrelda/.vscode/extensions/remimarsal.prettier-now-1.4.9/out/src/extension
[2018-10-05 20:47:47.979] [exthost1] [info] ExtensionService#_doActivateExtension robertohuertasm.vscode-icons {"startup":true,"activationEvent":"*"}
[2018-10-05 20:47:47.979] [exthost1] [info] ExtensionService#loadCommonJSModule /home/vrelda/.vscode/extensions/robertohuertasm.vscode-icons-7.27.0/out/src/
[2018-10-05 20:47:48.024] [exthost1] [info] ExtensionService#_doActivateExtension vscodevim.vim {"startup":true,"activationEvent":"*"}
[2018-10-05 20:47:48.024] [exthost1] [info] ExtensionService#loadCommonJSModule /home/vrelda/.vscode/extensions/vscodevim.vim-0.16.6/out/extension
[2018-10-05 20:47:48.237] [exthost1] [info] ExtensionService#_doActivateExtension WakaTime.vscode-wakatime {"startup":true,"activationEvent":"*"}
[2018-10-05 20:47:48.237] [exthost1] [info] ExtensionService#loadCommonJSModule /home/vrelda/.vscode/extensions/wakatime.vscode-wakatime-1.2.3/out/extension
[2018-10-05 20:47:48.239] [exthost1] [info] eager extensions activated
[2018-10-05 20:47:48.241] [exthost1] [info] ExtensionService#_doActivateExtension vscode.python {"startup":false,"activationEvent":"onLanguage:python"}
[2018-10-05 20:47:48.241] [exthost1] [info] ExtensionService#loadCommonJSModule /opt/visual-studio-code/resources/app/extensions/python/out/pythonMain
[2018-10-05 20:47:48.241] [exthost1] [info] ExtensionService#_doActivateExtension ms-python.python {"startup":false,"activationEvent":"onLanguage:python"}
[2018-10-05 20:47:48.241] [exthost1] [info] ExtensionService#loadCommonJSModule /home/vrelda/.vscode/extensions/ms-python.python-2018.8.0/out/client/extension
[2018-10-05 20:47:49.072] [exthost1] [info] ExtensionService#_doActivateExtension vscode.configuration-editing {"startup":false,"activationEvent":"onLanguage:jsonc"}
[2018-10-05 20:47:49.072] [exthost1] [info] ExtensionService#loadCommonJSModule /opt/visual-studio-code/resources/app/extensions/configuration-editing/out/extension
[2018-10-05 20:47:49.077] [exthost1] [info] ExtensionService#_doActivateExtension vscode.json-language-features {"startup":false,"activationEvent":"onLanguage:jsonc"}
[2018-10-05 20:47:49.077] [exthost1] [info] ExtensionService#loadCommonJSModule /opt/visual-studio-code/resources/app/extensions/json-language-features/client/dist/jsonMain
[2018-10-05 20:47:49.129] [exthost1] [info] ExtensionService#_doActivateExtension vscode.typescript-language-features {"startup":false,"activationEvent":"onLanguage:jsonc"}
[2018-10-05 20:47:49.129] [exthost1] [info] ExtensionService#loadCommonJSModule /opt/visual-studio-code/resources/app/extensions/typescript-language-features/dist/extension
[2018-10-05 21:11:43.649] [exthost1] [info] ExtensionService#_doActivateExtension vscode.html-language-features {"startup":false,"activationEvent":"onLanguage:html"}
[2018-10-05 21:11:43.649] [exthost1] [info] ExtensionService#loadCommonJSModule /opt/visual-studio-code/resources/app/extensions/html-language-features/client/dist/htmlMain
