[2018-10-05 20:36:27.487] [renderer1] [info] standard startup {"version":"1.27.2","ellapsed":876,"isLatestVersion":true,"didUseCachedData":true,"windowKind":1,"windowCount":1,"viewletId":"workbench.view.explorer","editorIds":["workbench.editors.files.fileEditorInput"],"timers":{"ellapsedAppReady":45,"ellapsedNlsGeneration":0,"ellapsedWindowLoad":221,"ellapsedWindowLoadToRequire":129,"ellapsedRequire":232,"ellapsedExtensions":337,"ellapsedEditorRestore":156,"ellapsedViewletRestore":12,"ellapsedPanelRestore":0,"ellapsedWorkbench":230,"ellapsedExtensionsReady":986,"ellapsedTimersToTimersComputed":929},"platform":"linux","release":"4.14.71-1-MANJARO","arch":"x64","totalmem":16762572800,"freemem":11301486592,"meminfo":{"workingSetSize":253456,"peakWorkingSetSize":253556,"privateBytes":155192,"sharedBytes":98364},"cpus":{"count":8,"speed":4406,"model":"Intel(R) Core(TM) i7-4790K CPU @ 4.00GHz"},"loadavg":[0.51904296875,0.326171875,0.27392578125],"initialStartup":true,"isVMLikelyhood":0,"hasAccessibilitySupport":false,"emptyWorkbench":false,"common.machineId":"7e7e30900b0dba6a5864663370066ccb2459feb84b8c8f83970d1a9d4e71981e","sessionID":"f7b2e418-6d25-4592-8e44-508f04b608b71538764586201","commitHash":"f46c4c469d6e6d8c46f268d1553c5dc4b475840f","common.platformVersion":"4.14.71","common.platform":"Linux","common.nodePlatform":"linux","common.nodeArch":"x64","timestamp":"2018-10-05T18:36:27.481Z","common.timesincesessionstart":1280,"common.sequence":20,"common.version.shell":"2.0.7","common.version.renderer":"61.0.3163.100","common.firstSessionDate":"Sun, 16 Sep 2018 12:21:26 GMT","common.lastSessionDate":"Fri, 05 Oct 2018 18:26:46 GMT","common.isNewSession":"0","common.instanceId":"14103a52-ed62-4ca6-9bbf-6afbdac871e4"}
[2018-10-05 20:43:30.534] [renderer1] [info] no standard startup: not just one text editor
[2018-10-05 20:47:47.465] [renderer1] [info] no standard startup: not a new window
[2018-10-05 21:22:23.309] [renderer1] [error] spawn EACCES: Error: spawn EACCES
	at _errnoException (util.js:1024:11)
	at ChildProcess.spawn (internal/child_process.js:323:11)
	at Object.exports.spawn (child_process.js:514:9)
	at ProcessService.exec (/home/vrelda/.vscode/extensions/ms-python.python-2018.8.0/out/client/common/process/proc.js:82:38)
	at ShebangCodeLensProvider.<anonymous> (/home/vrelda/.vscode/extensions/ms-python.python-2018.8.0/out/client/interpreter/display/shebangCodeLensProvider.js:63:35)
	at Generator.next (<anonymous>)
	at fulfilled (/home/vrelda/.vscode/extensions/ms-python.python-2018.8.0/out/client/interpreter/display/shebangCodeLensProvider.js:13:58)
	at <anonymous>
[2018-10-05 21:22:24.767] [renderer1] [error] spawn EACCES: Error: spawn EACCES
	at _errnoException (util.js:1024:11)
	at ChildProcess.spawn (internal/child_process.js:323:11)
	at Object.exports.spawn (child_process.js:514:9)
	at ProcessService.exec (/home/vrelda/.vscode/extensions/ms-python.python-2018.8.0/out/client/common/process/proc.js:82:38)
	at ShebangCodeLensProvider.<anonymous> (/home/vrelda/.vscode/extensions/ms-python.python-2018.8.0/out/client/interpreter/display/shebangCodeLensProvider.js:63:35)
	at Generator.next (<anonymous>)
	at fulfilled (/home/vrelda/.vscode/extensions/ms-python.python-2018.8.0/out/client/interpreter/display/shebangCodeLensProvider.js:13:58)
	at <anonymous>
