[2018-10-05 20:36:28.985] [sharedprocess] [info] main {"machineId":"7e7e30900b0dba6a5864663370066ccb2459feb84b8c8f83970d1a9d4e71981e"}
[2018-10-05 20:36:29.027] [sharedprocess] [info] Scanned user extensions: 9
[2018-10-05 20:36:29.055] [sharedprocess] [info] Scanned user extensions: 9
[2018-10-05 20:36:29.061] [sharedprocess] [info] Scanned user extensions: 9
[2018-10-05 20:36:29.066] [sharedprocess] [info] Scanned user extensions: 9
[2018-10-05 20:36:29.180] [sharedprocess] [info] Deleted from disk james-yu.latex-workshop-5.10.2
[2018-10-05 20:36:29.180] [sharedprocess] [info] Scanned system extensions: 71
[2018-10-05 20:36:29.182] [sharedprocess] [info] Scanned system extensions: 71
[2018-10-05 20:36:29.184] [sharedprocess] [info] Scanned system extensions: 71
[2018-10-05 20:36:29.443] [sharedprocess] [info] Scanned user extensions: 9
[2018-10-05 20:36:33.037] [sharedprocess] [info] Scanned user extensions: 9
[2018-10-05 20:36:33.099] [sharedprocess] [info] Scanned user extensions: 9
[2018-10-05 20:36:33.102] [sharedprocess] [info] Scanned user extensions: 9
[2018-10-05 20:36:33.104] [sharedprocess] [info] Scanned user extensions: 9
[2018-10-05 20:36:33.134] [sharedprocess] [info] Scanned system extensions: 71
[2018-10-05 20:36:33.136] [sharedprocess] [info] Scanned system extensions: 71
[2018-10-05 20:36:33.138] [sharedprocess] [info] Scanned system extensions: 71
[2018-10-05 20:37:08.993] [sharedprocess] [info] Starting to clean up unused language packs.
[2018-10-05 20:38:54.073] [sharedprocess] [info] Scanned user extensions: 9
[2018-10-05 20:38:54.076] [sharedprocess] [info] Scanned user extensions: 9
[2018-10-05 20:38:54.080] [sharedprocess] [info] Scanned user extensions: 9
[2018-10-05 20:38:54.118] [sharedprocess] [info] Scanned system extensions: 71
[2018-10-05 20:38:54.120] [sharedprocess] [info] Scanned system extensions: 71
[2018-10-05 20:38:54.122] [sharedprocess] [info] Scanned system extensions: 71
[2018-10-05 20:41:29.466] [sharedprocess] [info] Scanned user extensions: 9
[2018-10-05 20:43:30.660] [sharedprocess] [info] Scanned user extensions: 9
[2018-10-05 20:43:30.665] [sharedprocess] [info] Scanned user extensions: 9
[2018-10-05 20:43:30.669] [sharedprocess] [info] Scanned user extensions: 9
[2018-10-05 20:43:30.699] [sharedprocess] [info] Scanned system extensions: 71
[2018-10-05 20:43:30.702] [sharedprocess] [info] Scanned system extensions: 71
[2018-10-05 20:43:33.452] [sharedprocess] [info] Scanned user extensions: 9
