[2018-07-28 11:02:45.026] [exthost1] [info] extension host started
[2018-07-28 11:02:45.047] [exthost1] [info] ExtensionService#_doActivateExtension vscode.emmet {"startup":true,"activationEvent":"*"}
[2018-07-28 11:02:45.047] [exthost1] [info] ExtensionService#loadCommonJSModule /usr/share/code/resources/app/extensions/emmet/out/extension
[2018-07-28 11:02:45.103] [exthost1] [info] ExtensionService#_doActivateExtension vscode.git {"startup":true,"activationEvent":"*"}
[2018-07-28 11:02:45.103] [exthost1] [info] ExtensionService#loadCommonJSModule /usr/share/code/resources/app/extensions/git/out/main
[2018-07-28 11:02:45.268] [exthost1] [info] ExtensionService#_doActivateExtension vscode.merge-conflict {"startup":true,"activationEvent":"*"}
[2018-07-28 11:02:45.268] [exthost1] [info] ExtensionService#loadCommonJSModule /usr/share/code/resources/app/extensions/merge-conflict/out/extension
[2018-07-28 11:02:45.281] [exthost1] [info] ExtensionService#_doActivateExtension vscode.search-rg {"startup":true,"activationEvent":"*"}
[2018-07-28 11:02:45.281] [exthost1] [info] ExtensionService#loadCommonJSModule /usr/share/code/resources/app/extensions/search-rg/out/extension
[2018-07-28 11:02:45.288] [exthost1] [info] ExtensionService#_doActivateExtension monokai.theme-monokai-pro-vscode {"startup":true,"activationEvent":"*"}
[2018-07-28 11:02:45.288] [exthost1] [info] ExtensionService#loadCommonJSModule /home/vrelda/.vscode/extensions/monokai.theme-monokai-pro-vscode-1.1.8/js/main
[2018-07-28 11:02:45.296] [exthost1] [info] eager extensions activated
[2018-07-28 12:26:28.394] [exthost1] [info] extension host started
[2018-07-28 12:26:28.422] [exthost1] [info] ExtensionService#_doActivateExtension vscode.emmet {"startup":true,"activationEvent":"*"}
[2018-07-28 12:26:28.422] [exthost1] [info] ExtensionService#loadCommonJSModule /usr/share/code/resources/app/extensions/emmet/out/extension
[2018-07-28 12:26:28.468] [exthost1] [info] ExtensionService#_doActivateExtension vscode.git {"startup":true,"activationEvent":"*"}
[2018-07-28 12:26:28.468] [exthost1] [info] ExtensionService#loadCommonJSModule /usr/share/code/resources/app/extensions/git/out/main
[2018-07-28 12:26:28.593] [exthost1] [info] ExtensionService#_doActivateExtension vscode.merge-conflict {"startup":true,"activationEvent":"*"}
[2018-07-28 12:26:28.593] [exthost1] [info] ExtensionService#loadCommonJSModule /usr/share/code/resources/app/extensions/merge-conflict/out/extension
[2018-07-28 12:26:28.601] [exthost1] [info] ExtensionService#_doActivateExtension vscode.search-rg {"startup":true,"activationEvent":"*"}
[2018-07-28 12:26:28.601] [exthost1] [info] ExtensionService#loadCommonJSModule /usr/share/code/resources/app/extensions/search-rg/out/extension
[2018-07-28 12:26:28.605] [exthost1] [info] ExtensionService#_doActivateExtension monokai.theme-monokai-pro-vscode {"startup":true,"activationEvent":"*"}
[2018-07-28 12:26:28.605] [exthost1] [info] ExtensionService#loadCommonJSModule /home/vrelda/.vscode/extensions/monokai.theme-monokai-pro-vscode-1.1.8/js/main
[2018-07-28 12:26:28.612] [exthost1] [info] eager extensions activated
