[2018-07-28 12:32:34.660] [renderer1] [info] no standard startup: not a new window
[2018-07-28 12:57:21.992] [renderer1] [info] no standard startup: not a new window
[2018-07-28 12:58:00.878] [renderer1] [info] no standard startup: not a new window
[2018-07-28 12:58:51.936] [renderer1] [error] Unable to write to Workspace Settings because no workspace is opened. Please open a workspace first and try again.: Error: Unable to write to Workspace Settings because no workspace is opened. Please open a workspace first and try again.
    at new t (file:///usr/share/code/resources/app/out/vs/workbench/workbench.main.js:3979:379)
    at e.wrapError (file:///usr/share/code/resources/app/out/vs/workbench/workbench.main.js:3983:262)
    at e.resolveAndValidate (file:///usr/share/code/resources/app/out/vs/workbench/workbench.main.js:3986:688)
    at e.doWriteConfiguration (file:///usr/share/code/resources/app/out/vs/workbench/workbench.main.js:3980:201)
    at Object.factory (file:///usr/share/code/resources/app/out/vs/workbench/workbench.main.js:3979:947)
    at t.e.consume (file:///usr/share/code/resources/app/out/vs/workbench/workbench.main.js:196:170)
    at e.queue (file:///usr/share/code/resources/app/out/vs/workbench/workbench.main.js:195:980)
    at new n.Class.derive._oncancel (file:///usr/share/code/resources/app/out/vs/workbench/workbench.main.js:157:625)
    at t.e.queue (file:///usr/share/code/resources/app/out/vs/workbench/workbench.main.js:195:895)
    at e.writeConfiguration (file:///usr/share/code/resources/app/out/vs/workbench/workbench.main.js:3979:921)
    at t.writeConfigurationValue (file:///usr/share/code/resources/app/out/vs/workbench/workbench.main.js:4007:219)
    at t.updateValue (file:///usr/share/code/resources/app/out/vs/workbench/workbench.main.js:3996:926)
    at e.writeConfiguration (file:///usr/share/code/resources/app/out/vs/workbench/workbench.main.js:3070:191)
    at e.$updateConfigurationOption (file:///usr/share/code/resources/app/out/vs/workbench/workbench.main.js:3069:865)
    at e._doInvokeHandler (file:///usr/share/code/resources/app/out/vs/workbench/workbench.main.js:3127:983)
    at e._invokeHandler (file:///usr/share/code/resources/app/out/vs/workbench/workbench.main.js:3127:701)
    at e._receiveRequest (file:///usr/share/code/resources/app/out/vs/workbench/workbench.main.js:3126:767)
    at e._receiveOneMessage (file:///usr/share/code/resources/app/out/vs/workbench/workbench.main.js:3126:536)
    at file:///usr/share/code/resources/app/out/vs/workbench/workbench.main.js:3125:424
    at file:///usr/share/code/resources/app/out/vs/workbench/workbench.main.js:3128:575
    at e.fire (file:///usr/share/code/resources/app/out/vs/workbench/workbench.main.js:171:344)
    at c (file:///usr/share/code/resources/app/out/vs/workbench/workbench.main.js:302:1008)
    at Socket.<anonymous> (file:///usr/share/code/resources/app/out/vs/workbench/workbench.main.js:303:171)
    at emitOne (events.js:96:13)
    at Socket.emit (events.js:191:7)
    at readableAddChunk (_stream_readable.js:178:18)
    at Socket.Readable.push (_stream_readable.js:136:10)
    at Pipe.onread (net.js:560:20)
