[2018-10-01 20:12:07.535] [exthost1] [info] extension host started
[2018-10-01 20:12:07.554] [exthost1] [info] ExtensionService#_doActivateExtension vscode.debug-auto-launch {"startup":true,"activationEvent":"*"}
[2018-10-01 20:12:07.554] [exthost1] [info] ExtensionService#loadCommonJSModule /opt/visual-studio-code/resources/app/extensions/debug-auto-launch/out/extension
[2018-10-01 20:12:07.560] [exthost1] [info] ExtensionService#_doActivateExtension vscode.emmet {"startup":true,"activationEvent":"*"}
[2018-10-01 20:12:07.560] [exthost1] [info] ExtensionService#loadCommonJSModule /opt/visual-studio-code/resources/app/extensions/emmet/dist/extension
[2018-10-01 20:12:07.586] [exthost1] [info] ExtensionService#_doActivateExtension vscode.git {"startup":true,"activationEvent":"*"}
[2018-10-01 20:12:07.586] [exthost1] [info] ExtensionService#loadCommonJSModule /opt/visual-studio-code/resources/app/extensions/git/dist/main
[2018-10-01 20:12:07.708] [exthost1] [info] ExtensionService#_doActivateExtension vscode.merge-conflict {"startup":true,"activationEvent":"*"}
[2018-10-01 20:12:07.708] [exthost1] [info] ExtensionService#loadCommonJSModule /opt/visual-studio-code/resources/app/extensions/merge-conflict/out/extension
[2018-10-01 20:12:07.717] [exthost1] [info] ExtensionService#_doActivateExtension vscode.search-rg {"startup":true,"activationEvent":"*"}
[2018-10-01 20:12:07.717] [exthost1] [info] ExtensionService#loadCommonJSModule /opt/visual-studio-code/resources/app/extensions/search-rg/out/extension
[2018-10-01 20:12:07.723] [exthost1] [info] ExtensionService#_doActivateExtension esbenp.prettier-vscode {"startup":true,"activationEvent":"*"}
[2018-10-01 20:12:07.723] [exthost1] [info] ExtensionService#loadCommonJSModule /home/vrelda/.vscode/extensions/esbenp.prettier-vscode-1.6.1/out/src/extension
[2018-10-01 20:12:07.842] [exthost1] [info] ExtensionService#_doActivateExtension kruemelkatze.vscode-dashboard {"startup":true,"activationEvent":"*"}
[2018-10-01 20:12:07.842] [exthost1] [info] ExtensionService#loadCommonJSModule /home/vrelda/.vscode/extensions/kruemelkatze.vscode-dashboard-1.1.0/out/dashboard
[2018-10-01 20:12:07.847] [exthost1] [info] ExtensionService#_doActivateExtension PKief.material-icon-theme {"startup":true,"activationEvent":"*"}
[2018-10-01 20:12:07.847] [exthost1] [info] ExtensionService#loadCommonJSModule /home/vrelda/.vscode/extensions/pkief.material-icon-theme-3.6.0/out/src/extension
[2018-10-01 20:12:07.877] [exthost1] [info] ExtensionService#_doActivateExtension vscodevim.vim {"startup":true,"activationEvent":"*"}
[2018-10-01 20:12:07.877] [exthost1] [info] ExtensionService#loadCommonJSModule /home/vrelda/.vscode/extensions/vscodevim.vim-0.16.5/out/extension
[2018-10-01 20:12:08.180] [exthost1] [info] ExtensionService#_doActivateExtension WakaTime.vscode-wakatime {"startup":true,"activationEvent":"*"}
[2018-10-01 20:12:08.180] [exthost1] [info] ExtensionService#loadCommonJSModule /home/vrelda/.vscode/extensions/wakatime.vscode-wakatime-1.2.3/out/extension
[2018-10-01 20:12:08.182] [exthost1] [info] eager extensions activated
[2018-10-01 20:12:08.183] [exthost1] [info] ExtensionService#_doActivateExtension lunaryorn.fish-ide {"startup":false,"activationEvent":"onLanguage:fish"}
[2018-10-01 20:12:08.183] [exthost1] [info] ExtensionService#loadCommonJSModule /home/vrelda/.vscode/extensions/lunaryorn.fish-ide-0.4.0/out/src/extension
