[2018-10-05 20:26:16.181] [sharedprocess] [info] main {"machineId":"7e7e30900b0dba6a5864663370066ccb2459feb84b8c8f83970d1a9d4e71981e"}
[2018-10-05 20:26:16.228] [sharedprocess] [info] Scanned user extensions: 8
[2018-10-05 20:26:16.250] [sharedprocess] [info] Scanned user extensions: 8
[2018-10-05 20:26:16.253] [sharedprocess] [info] Scanned user extensions: 8
[2018-10-05 20:26:16.256] [sharedprocess] [info] Scanned user extensions: 8
[2018-10-05 20:26:16.289] [sharedprocess] [info] Scanned system extensions: 71
[2018-10-05 20:26:16.289] [sharedprocess] [info] Scanned system extensions: 71
[2018-10-05 20:26:16.291] [sharedprocess] [info] Scanned system extensions: 71
[2018-10-05 20:26:16.630] [sharedprocess] [info] Scanned user extensions: 8
[2018-10-05 20:26:17.750] [sharedprocess] [info] Installing extension: latex-workshop
[2018-10-05 20:26:17.759] [sharedprocess] [info] Scanned user extensions: 8
[2018-10-05 20:26:25.569] [sharedprocess] [info] Downloaded extension: latex-workshop /tmp/962f039b-df77-43e5-b63d-9272af336700
[2018-10-05 20:26:26.434] [sharedprocess] [info] Extracted extension to /home/vrelda/.vscode/extensions/.james-yu.latex-workshop-5.11.1: james-yu.latex-workshop-5.11.1
[2018-10-05 20:26:26.434] [sharedprocess] [info] Renamed to /home/vrelda/.vscode/extensions/james-yu.latex-workshop-5.11.1
[2018-10-05 20:26:26.434] [sharedprocess] [info] Installation completed. james-yu.latex-workshop-5.11.1
[2018-10-05 20:26:26.484] [sharedprocess] [info] Extensions installed successfully: james-yu.latex-workshop
[2018-10-05 20:26:26.597] [sharedprocess] [info] Scanned user extensions: 8
[2018-10-05 20:26:26.608] [sharedprocess] [info] Scanned system extensions: 71
[2018-10-05 20:26:29.791] [sharedprocess] [info] Scanned user extensions: 8
[2018-10-05 20:26:29.851] [sharedprocess] [info] Scanned user extensions: 8
[2018-10-05 20:26:29.853] [sharedprocess] [info] Scanned user extensions: 8
[2018-10-05 20:26:29.855] [sharedprocess] [info] Scanned user extensions: 8
[2018-10-05 20:26:29.881] [sharedprocess] [info] Scanned system extensions: 71
[2018-10-05 20:26:29.883] [sharedprocess] [info] Scanned system extensions: 71
[2018-10-05 20:26:29.885] [sharedprocess] [info] Scanned system extensions: 71
[2018-10-05 20:26:42.174] [sharedprocess] [info] Installing extension: wal
[2018-10-05 20:26:42.180] [sharedprocess] [info] Scanned user extensions: 8
[2018-10-05 20:26:42.671] [sharedprocess] [info] Downloaded extension: wal /tmp/55b90751-3d42-4f0c-a080-d899698a01db
[2018-10-05 20:26:42.776] [sharedprocess] [info] Extracted extension to /home/vrelda/.vscode/extensions/.cmschuetz12.wal-0.1.0: cmschuetz12.wal-0.1.0
[2018-10-05 20:26:42.776] [sharedprocess] [info] Renamed to /home/vrelda/.vscode/extensions/cmschuetz12.wal-0.1.0
[2018-10-05 20:26:42.776] [sharedprocess] [info] Installation completed. cmschuetz12.wal-0.1.0
[2018-10-05 20:26:42.788] [sharedprocess] [info] Extensions installed successfully: cmschuetz12.wal
[2018-10-05 20:26:42.904] [sharedprocess] [info] Scanned user extensions: 9
[2018-10-05 20:26:42.915] [sharedprocess] [info] Scanned system extensions: 71
[2018-10-05 20:26:46.054] [sharedprocess] [info] Scanned user extensions: 9
[2018-10-05 20:26:46.056] [sharedprocess] [info] Scanned user extensions: 9
[2018-10-05 20:26:46.059] [sharedprocess] [info] Scanned user extensions: 9
[2018-10-05 20:26:46.071] [sharedprocess] [info] Scanned system extensions: 71
[2018-10-05 20:26:46.118] [sharedprocess] [info] Scanned user extensions: 9
[2018-10-05 20:26:46.120] [sharedprocess] [info] Scanned user extensions: 9
[2018-10-05 20:26:46.123] [sharedprocess] [info] Scanned user extensions: 9
[2018-10-05 20:26:46.152] [sharedprocess] [info] Scanned system extensions: 71
[2018-10-05 20:26:46.154] [sharedprocess] [info] Scanned system extensions: 71
[2018-10-05 20:26:46.155] [sharedprocess] [info] Scanned system extensions: 71
[2018-10-05 20:26:46.192] [sharedprocess] [info] Scanned user extensions: 9
[2018-10-05 20:26:46.206] [sharedprocess] [info] Scanned system extensions: 71
[2018-10-05 20:26:49.167] [sharedprocess] [info] Scanned user extensions: 9
[2018-10-05 20:26:56.185] [sharedprocess] [info] Starting to clean up unused language packs.
[2018-10-05 20:31:49.187] [sharedprocess] [info] Scanned user extensions: 9
