Starting Jedi Python language engine.
##########Linting Output - pylint##########
************* Module volldaneben
3,0,error,E0001:invalid syntax (<unknown>, line 3)
##########Linting Output - pylint##########

------------------------------------
Your code has been rated at 10.00/10

##########Linting Output - pylint##########

--------------------------------------------------------------------
Your code has been rated at 10.00/10 (previous run: 10.00/10, +0.00)

##########Linting Output - pylint##########

--------------------------------------------------------------------
Your code has been rated at 10.00/10 (previous run: 10.00/10, +0.00)

##########Linting Output - pylint##########
************* Module volldaneben
16,0,error,E0001:expected an indented block (<unknown>, line 16)
##########Linting Output - pylint##########
************* Module volldaneben
9,4,warning,W0612:Unused variable 'd'

-------------------------------------------------------------------
Your code has been rated at 9.55/10 (previous run: 10.00/10, -0.45)

##########Linting Output - pylint##########

-------------------------------------------------------------------
Your code has been rated at 10.00/10 (previous run: 9.55/10, +0.45)

##########Linting Output - pylint##########

--------------------------------------------------------------------
Your code has been rated at 10.00/10 (previous run: 10.00/10, +0.00)

##########Linting Output - pylint##########

--------------------------------------------------------------------
Your code has been rated at 10.00/10 (previous run: 10.00/10, +0.00)

##########Linting Output - pylint##########

--------------------------------------------------------------------
Your code has been rated at 10.00/10 (previous run: 10.00/10, +0.00)

##########Linting Output - pylint##########
************* Module volldaneben
19,4,warning,W0612:Unused variable 'casino_values'

-------------------------------------------------------------------
Your code has been rated at 9.60/10 (previous run: 10.00/10, -0.40)

##########Linting Output - pylint##########

-------------------------------------------------------------------
Your code has been rated at 10.00/10 (previous run: 9.60/10, +0.40)

##########Linting Output - pylint##########

--------------------------------------------------------------------
Your code has been rated at 10.00/10 (previous run: 10.00/10, +0.00)

##########Linting Output - pylint##########
************* Module volldaneben
8,15,error,E1120:No value for argument 'possibility' in function call
10,16,error,E0602:Undefined variable 'pay'
7,4,warning,W0612:Unused variable 'best_possibility'

-------------------------------------------------------------------
Your code has been rated at 6.86/10 (previous run: 10.00/10, -3.14)

##########Linting Output - pylint##########
************* Module volldaneben
10,16,error,E0602:Undefined variable 'pay'
7,4,warning,W0612:Unused variable 'best_possibility'

------------------------------------------------------------------
Your code has been rated at 8.29/10 (previous run: 6.86/10, +1.43)

##########Linting Output - pylint##########
************* Module volldaneben
10,16,error,E0602:Undefined variable 'pay'
7,4,warning,W0612:Unused variable 'best_possibility'

------------------------------------------------------------------
Your code has been rated at 8.29/10 (previous run: 8.29/10, +0.00)

##########Linting Output - pylint##########
************* Module volldaneben
7,4,warning,W0612:Unused variable 'best_possibility'

------------------------------------------------------------------
Your code has been rated at 9.71/10 (previous run: 8.29/10, +1.43)

##########Linting Output - pylint##########

-------------------------------------------------------------------
Your code has been rated at 10.00/10 (previous run: 9.71/10, +0.29)

##########Linting Output - pylint##########

--------------------------------------------------------------------
Your code has been rated at 10.00/10 (previous run: 10.00/10, +0.00)

##########Linting Output - pylint##########

--------------------------------------------------------------------
Your code has been rated at 10.00/10 (previous run: 10.00/10, +0.00)

##########Linting Output - pylint##########

--------------------------------------------------------------------
Your code has been rated at 10.00/10 (previous run: 10.00/10, +0.00)

##########Linting Output - pylint##########

--------------------------------------------------------------------
Your code has been rated at 10.00/10 (previous run: 10.00/10, +0.00)

##########Linting Output - pylint##########
************* Module volldaneben
12,0,error,E0001:EOL while scanning string literal (<unknown>, line 12)
##########Linting Output - pylint##########

--------------------------------------------------------------------
Your code has been rated at 10.00/10 (previous run: 10.00/10, +0.00)

##########Linting Output - pylint##########

--------------------------------------------------------------------
Your code has been rated at 10.00/10 (previous run: 10.00/10, +0.00)

##########Linting Output - pylint##########

--------------------------------------------------------------------
Your code has been rated at 10.00/10 (previous run: 10.00/10, +0.00)

##########Linting Output - pylint##########

--------------------------------------------------------------------
Your code has been rated at 10.00/10 (previous run: 10.00/10, +0.00)

##########Linting Output - pylint##########

--------------------------------------------------------------------
Your code has been rated at 10.00/10 (previous run: 10.00/10, +0.00)

##########Linting Output - pylint##########

--------------------------------------------------------------------
Your code has been rated at 10.00/10 (previous run: 10.00/10, +0.00)

##########Linting Output - pylint##########

--------------------------------------------------------------------
Your code has been rated at 10.00/10 (previous run: 10.00/10, +0.00)

##########Linting Output - pylint##########
************* Module volldaneben
12,0,error,E0001:f-string: expecting '}' (<unknown>, line 12)
##########Linting Output - pylint##########
************* Module volldaneben
12,0,error,E0001:f-string: expecting '}' (<unknown>, line 12)
##########Linting Output - pylint##########

--------------------------------------------------------------------
Your code has been rated at 10.00/10 (previous run: 10.00/10, +0.00)

##########Linting Output - pylint##########

--------------------------------------------------------------------
Your code has been rated at 10.00/10 (previous run: 10.00/10, +0.00)

##########Linting Output - pylint##########
************* Module volldaneben
15,0,error,E0001:unexpected character after line continuation character (<unknown>, line 15)
##########Linting Output - pylint##########

--------------------------------------------------------------------
Your code has been rated at 10.00/10 (previous run: 10.00/10, +0.00)

##########Linting Output - pylint##########

--------------------------------------------------------------------
Your code has been rated at 10.00/10 (previous run: 10.00/10, +0.00)

##########Linting Output - pylint##########

--------------------------------------------------------------------
Your code has been rated at 10.00/10 (previous run: 10.00/10, +0.00)

##########Linting Output - pylint##########

--------------------------------------------------------------------
Your code has been rated at 10.00/10 (previous run: 10.00/10, +0.00)

##########Linting Output - pylint##########

--------------------------------------------------------------------
Your code has been rated at 10.00/10 (previous run: 10.00/10, +0.00)

##########Linting Output - pylint##########

--------------------------------------------------------------------
Your code has been rated at 10.00/10 (previous run: 10.00/10, +0.00)

##########Linting Output - pylint##########
************* Module volldaneben
10,4,error,E1111:Assigning to function call which doesn't return
10,4,warning,W0612:Unused variable 'mc'

-------------------------------------------------------------------
Your code has been rated at 8.72/10 (previous run: 10.00/10, -1.28)

##########Linting Output - pylint##########
************* Module volldaneben
10,4,warning,W0612:Unused variable 'mc'

------------------------------------------------------------------
Your code has been rated at 9.79/10 (previous run: 8.72/10, +1.07)

##########Linting Output - pylint##########
************* Module volldaneben
10,4,warning,W0612:Unused variable 'mc'
11,4,warning,W0612:Unused variable 'c'

------------------------------------------------------------------
Your code has been rated at 9.59/10 (previous run: 9.79/10, -0.20)

##########Linting Output - pylint##########

-------------------------------------------------------------------
Your code has been rated at 10.00/10 (previous run: 9.59/10, +0.41)

##########Linting Output - pylint##########

--------------------------------------------------------------------
Your code has been rated at 10.00/10 (previous run: 10.00/10, +0.00)

##########Linting Output - pylint##########
************* Module volldaneben
24,0,error,E0001:expected an indented block (<unknown>, line 24)
##########Linting Output - pylint##########

--------------------------------------------------------------------
Your code has been rated at 10.00/10 (previous run: 10.00/10, +0.00)

##########Linting Output - pylint##########
************* Module volldaneben
24,13,error,E0602:Undefined variable 'i'
24,30,error,E0602:Undefined variable 'i'
24,49,error,E0602:Undefined variable 'i'
24,4,warning,W0612:Unused variable 'gaps'

-------------------------------------------------------------------
Your code has been rated at 7.04/10 (previous run: 10.00/10, -2.96)

##########Linting Output - pylint##########
************* Module volldaneben
24,13,error,E0602:Undefined variable 'i'
24,19,error,E0602:Undefined variable 'i'
24,27,error,E0602:Undefined variable 'i'
24,4,warning,W0612:Unused variable 'gaps'

------------------------------------------------------------------
Your code has been rated at 7.04/10 (previous run: 7.04/10, +0.00)

##########Linting Output - pylint##########
************* Module volldaneben
24,13,error,E0602:Undefined variable 'i'
24,19,error,E0602:Undefined variable 'i'
24,27,error,E0602:Undefined variable 'i'
24,4,warning,W0612:Unused variable 'gaps'

------------------------------------------------------------------
Your code has been rated at 7.04/10 (previous run: 7.04/10, +0.00)

##########Linting Output - pylint##########
************* Module volldaneben
24,4,warning,W0612:Unused variable 'gaps'

------------------------------------------------------------------
Your code has been rated at 9.81/10 (previous run: 7.04/10, +2.78)

##########Linting Output - pylint##########
************* Module volldaneben
24,4,warning,W0612:Unused variable 'gaps'

------------------------------------------------------------------
Your code has been rated at 9.81/10 (previous run: 9.81/10, +0.00)

##########Linting Output - pylint##########

-------------------------------------------------------------------
Your code has been rated at 10.00/10 (previous run: 9.81/10, +0.19)

##########Linting Output - pylint##########
************* Module volldaneben
26,4,warning,W0612:Unused variable 'sections'

-------------------------------------------------------------------
Your code has been rated at 9.82/10 (previous run: 10.00/10, -0.18)

##########Linting Output - pylint##########

-------------------------------------------------------------------
Your code has been rated at 10.00/10 (previous run: 9.82/10, +0.18)

##########Linting Output - pylint##########

--------------------------------------------------------------------
Your code has been rated at 10.00/10 (previous run: 10.00/10, +0.00)

##########Linting Output - pylint##########
************* Module volldaneben
32,12,error,E0602:Undefined variable 'sect'
32,21,error,E0602:Undefined variable 'sect'

-------------------------------------------------------------------
Your code has been rated at 8.39/10 (previous run: 10.00/10, -1.61)

##########Linting Output - pylint##########

-------------------------------------------------------------------
Your code has been rated at 10.00/10 (previous run: 8.39/10, +1.61)

##########Linting Output - pylint##########

--------------------------------------------------------------------
Your code has been rated at 10.00/10 (previous run: 10.00/10, +0.00)

##########Linting Output - pylint##########

--------------------------------------------------------------------
Your code has been rated at 10.00/10 (previous run: 10.00/10, +0.00)

##########Linting Output - pylint##########

--------------------------------------------------------------------
Your code has been rated at 10.00/10 (previous run: 10.00/10, +0.00)

##########Linting Output - pylint##########

--------------------------------------------------------------------
Your code has been rated at 10.00/10 (previous run: 10.00/10, +0.00)

##########Linting Output - pylint##########

--------------------------------------------------------------------
Your code has been rated at 10.00/10 (previous run: 10.00/10, +0.00)

##########Linting Output - pylint##########

--------------------------------------------------------------------
Your code has been rated at 10.00/10 (previous run: 10.00/10, +0.00)

##########Linting Output - pylint##########

--------------------------------------------------------------------
Your code has been rated at 10.00/10 (previous run: 10.00/10, +0.00)

##########Linting Output - pylint##########

--------------------------------------------------------------------
Your code has been rated at 10.00/10 (previous run: 10.00/10, +0.00)

##########Linting Output - pylint##########

--------------------------------------------------------------------
Your code has been rated at 10.00/10 (previous run: 10.00/10, +0.00)

##########Linting Output - pylint##########

--------------------------------------------------------------------
Your code has been rated at 10.00/10 (previous run: 10.00/10, +0.00)

##########Linting Output - pylint##########
************* Module volldaneben
28,0,error,E0001:f-string expression part cannot include a backslash (<unknown>, line 28)
##########Linting Output - pylint##########
************* Module volldaneben
28,0,error,E0001:f-string expression part cannot include a backslash (<unknown>, line 28)
##########Linting Output - pylint##########
************* Module volldaneben
28,0,error,E0001:f-string expression part cannot include a backslash (<unknown>, line 28)
##########Linting Output - pylint##########
************* Module volldaneben
24,0,error,E0001:f-string expression part cannot include a backslash (<unknown>, line 24)
##########Linting Output - pylint##########

--------------------------------------------------------------------
Your code has been rated at 10.00/10 (previous run: 10.00/10, +0.00)

##########Linting Output - pylint##########
************* Module volldaneben
24,0,error,E0001:invalid syntax (<unknown>, line 24)
##########Linting Output - pylint##########

--------------------------------------------------------------------
Your code has been rated at 10.00/10 (previous run: 10.00/10, +0.00)

##########Linting Output - pylint##########

--------------------------------------------------------------------
Your code has been rated at 10.00/10 (previous run: 10.00/10, +0.00)

##########Linting Output - pylint##########

--------------------------------------------------------------------
Your code has been rated at 10.00/10 (previous run: 10.00/10, +0.00)

##########Linting Output - pylint##########

--------------------------------------------------------------------
Your code has been rated at 10.00/10 (previous run: 10.00/10, +0.00)

##########Linting Output - pylint##########

--------------------------------------------------------------------
Your code has been rated at 10.00/10 (previous run: 10.00/10, +0.00)

##########Linting Output - pylint##########

--------------------------------------------------------------------
Your code has been rated at 10.00/10 (previous run: 10.00/10, +0.00)

##########Linting Output - pylint##########

--------------------------------------------------------------------
Your code has been rated at 10.00/10 (previous run: 10.00/10, +0.00)

##########Linting Output - pylint##########

--------------------------------------------------------------------
Your code has been rated at 10.00/10 (previous run: 10.00/10, +0.00)

##########Linting Output - pylint##########
************* Module volldaneben
38,4,warning,W0612:Unused variable 'ssections'

-------------------------------------------------------------------
Your code has been rated at 9.86/10 (previous run: 10.00/10, -0.14)

##########Linting Output - pylint##########

-------------------------------------------------------------------
Your code has been rated at 10.00/10 (previous run: 9.86/10, +0.14)

##########Linting Output - pylint##########
************* Module volldaneben
40,4,warning,W0612:Unused variable 'casino_values'
79,0,error,E0633:Attempting to unpack a non-sequence
79,0,error,E1128:Assigning to function call which only returns None

-------------------------------------------------------------------
Your code has been rated at 8.45/10 (previous run: 10.00/10, -1.55)

##########Linting Output - pylint##########
************* Module volldaneben
40,4,warning,W0612:Unused variable 'casino_values'
85,0,error,E0633:Attempting to unpack a non-sequence
85,0,error,E1128:Assigning to function call which only returns None

------------------------------------------------------------------
Your code has been rated at 8.55/10 (previous run: 8.45/10, +0.10)

##########Linting Output - pylint##########
************* Module volldaneben
41,26,error,E1120:No value for argument 'casino_values' in function call

------------------------------------------------------------------
Your code has been rated at 9.34/10 (previous run: 8.55/10, +0.79)

##########Linting Output - pylint##########

-------------------------------------------------------------------
Your code has been rated at 10.00/10 (previous run: 9.34/10, +0.66)

##########Linting Output - pylint##########
************* Module volldaneben
86,0,error,E0001:invalid syntax (<unknown>, line 86)
##########Linting Output - pylint##########
************* Module volldaneben
86,0,error,E0001:invalid syntax (<unknown>, line 86)
##########Linting Output - pylint##########

--------------------------------------------------------------------
Your code has been rated at 10.00/10 (previous run: 10.00/10, +0.00)

##########Linting Output - pylint##########

--------------------------------------------------------------------
Your code has been rated at 10.00/10 (previous run: 10.00/10, +0.00)

##########Linting Output - pylint##########
************* Module volldaneben
85,14,error,E0602:Undefined variable 'volldaneben1'

-------------------------------------------------------------------
Your code has been rated at 9.29/10 (previous run: 10.00/10, -0.71)

##########Linting Output - pylint##########

-------------------------------------------------------------------
Your code has been rated at 10.00/10 (previous run: 9.29/10, +0.71)

##########Linting Output - pylint##########

--------------------------------------------------------------------
Your code has been rated at 10.00/10 (previous run: 10.00/10, +0.00)

##########Linting Output - pylint##########
************* Module volldaneben
85,14,error,E0602:Undefined variable 'volldaneben1'

-------------------------------------------------------------------
Your code has been rated at 9.29/10 (previous run: 10.00/10, -0.71)

##########Linting Output - pylint##########

-------------------------------------------------------------------
Your code has been rated at 10.00/10 (previous run: 9.29/10, +0.71)

##########Linting Output - pylint##########

--------------------------------------------------------------------
Your code has been rated at 10.00/10 (previous run: 10.00/10, +0.00)

##########Linting Output - pylint##########

--------------------------------------------------------------------
Your code has been rated at 10.00/10 (previous run: 10.00/10, +0.00)

##########Linting Output - pylint##########

--------------------------------------------------------------------
Your code has been rated at 10.00/10 (previous run: 10.00/10, +0.00)

##########Linting Output - pylint##########

--------------------------------------------------------------------
Your code has been rated at 10.00/10 (previous run: 10.00/10, +0.00)

##########Linting Output - pylint##########

--------------------------------------------------------------------
Your code has been rated at 10.00/10 (previous run: 10.00/10, +0.00)

##########Linting Output - pylint##########

--------------------------------------------------------------------
Your code has been rated at 10.00/10 (previous run: 10.00/10, +0.00)

##########Linting Output - pylint##########
************* Module volldaneben
54,0,error,E0001:invalid syntax (<unknown>, line 54)
##########Linting Output - pylint##########

--------------------------------------------------------------------
Your code has been rated at 10.00/10 (previous run: 10.00/10, +0.00)

##########Linting Output - pylint##########

--------------------------------------------------------------------
Your code has been rated at 10.00/10 (previous run: 10.00/10, +0.00)

##########Linting Output - pylint##########

--------------------------------------------------------------------
Your code has been rated at 10.00/10 (previous run: 10.00/10, +0.00)

##########Linting Output - pylint##########

--------------------------------------------------------------------
Your code has been rated at 10.00/10 (previous run: 10.00/10, +0.00)

##########Linting Output - pylint##########

--------------------------------------------------------------------
Your code has been rated at 10.00/10 (previous run: 10.00/10, +0.00)

##########Linting Output - pylint##########
************* Module volldaneben
18,0,error,E0001:invalid syntax (<unknown>, line 18)
##########Linting Output - pylint##########

--------------------------------------------------------------------
Your code has been rated at 10.00/10 (previous run: 10.00/10, +0.00)

##########Linting Output - pylint##########

--------------------------------------------------------------------
Your code has been rated at 10.00/10 (previous run: 10.00/10, +0.00)

##########Linting Output - pylint##########

--------------------------------------------------------------------
Your code has been rated at 10.00/10 (previous run: 10.00/10, +0.00)

##########Linting Output - pylint##########

--------------------------------------------------------------------
Your code has been rated at 10.00/10 (previous run: 10.00/10, +0.00)

##########Linting Output - pylint##########

--------------------------------------------------------------------
Your code has been rated at 10.00/10 (previous run: 10.00/10, +0.00)

##########Linting Output - pylint##########
************* Module volldaneben
10,30,error,E0601:Using variable 'p_pay' before assignment

-------------------------------------------------------------------
Your code has been rated at 9.32/10 (previous run: 10.00/10, -0.68)

##########Linting Output - pylint##########

-------------------------------------------------------------------
Your code has been rated at 10.00/10 (previous run: 9.32/10, +0.68)

##########Linting Output - pylint##########

--------------------------------------------------------------------
Your code has been rated at 10.00/10 (previous run: 10.00/10, +0.00)

##########Linting Output - pylint##########

--------------------------------------------------------------------
Your code has been rated at 10.00/10 (previous run: 10.00/10, +0.00)

