[2018-10-06 18:08:24.575] [sharedprocess] [info] main {"machineId":"7e7e30900b0dba6a5864663370066ccb2459feb84b8c8f83970d1a9d4e71981e"}
[2018-10-06 18:08:24.620] [sharedprocess] [info] Scanned user extensions: 9
[2018-10-06 18:08:24.643] [sharedprocess] [info] Scanned user extensions: 9
[2018-10-06 18:08:24.647] [sharedprocess] [info] Scanned user extensions: 9
[2018-10-06 18:08:24.649] [sharedprocess] [info] Scanned user extensions: 9
[2018-10-06 18:08:24.758] [sharedprocess] [info] Deleted from disk vscodevim.vim-0.16.6
[2018-10-06 18:08:24.764] [sharedprocess] [info] Scanned system extensions: 71
[2018-10-06 18:08:24.765] [sharedprocess] [info] Scanned system extensions: 71
[2018-10-06 18:08:24.768] [sharedprocess] [info] Scanned system extensions: 71
[2018-10-06 18:08:25.313] [sharedprocess] [info] Scanned user extensions: 9
[2018-10-06 18:08:27.888] [sharedprocess] [info] Scanned user extensions: 9
[2018-10-06 18:08:27.890] [sharedprocess] [info] Scanned user extensions: 9
[2018-10-06 18:08:27.903] [sharedprocess] [info] Scanned system extensions: 71
[2018-10-06 18:08:31.460] [sharedprocess] [info] Scanned user extensions: 9
[2018-10-06 18:09:04.583] [sharedprocess] [info] Starting to clean up unused language packs.
[2018-10-06 18:13:31.485] [sharedprocess] [info] Scanned user extensions: 9
[2018-10-06 18:18:31.502] [sharedprocess] [info] Scanned user extensions: 9
[2018-10-06 18:23:31.517] [sharedprocess] [info] Scanned user extensions: 9
[2018-10-06 18:28:31.529] [sharedprocess] [info] Scanned user extensions: 9
[2018-10-06 18:33:31.540] [sharedprocess] [info] Scanned user extensions: 9
[2018-10-06 18:38:31.550] [sharedprocess] [info] Scanned user extensions: 9
[2018-10-06 18:43:31.563] [sharedprocess] [info] Scanned user extensions: 9
[2018-10-06 18:48:31.577] [sharedprocess] [info] Scanned user extensions: 9
[2018-10-06 18:53:31.592] [sharedprocess] [info] Scanned user extensions: 9
[2018-10-06 18:58:31.601] [sharedprocess] [info] Scanned user extensions: 9
[2018-10-06 19:03:31.614] [sharedprocess] [info] Scanned user extensions: 9
