[2018-10-01 20:20:48.813] [exthost1] [info] extension host started
[2018-10-01 20:20:48.824] [exthost1] [info] ExtensionService#_doActivateExtension vscode.debug-auto-launch {"startup":true,"activationEvent":"*"}
[2018-10-01 20:20:48.824] [exthost1] [info] ExtensionService#loadCommonJSModule /opt/visual-studio-code/resources/app/extensions/debug-auto-launch/out/extension
[2018-10-01 20:20:48.828] [exthost1] [info] ExtensionService#_doActivateExtension vscode.emmet {"startup":true,"activationEvent":"*"}
[2018-10-01 20:20:48.828] [exthost1] [info] ExtensionService#loadCommonJSModule /opt/visual-studio-code/resources/app/extensions/emmet/dist/extension
[2018-10-01 20:20:48.854] [exthost1] [info] ExtensionService#_doActivateExtension vscode.git {"startup":true,"activationEvent":"*"}
[2018-10-01 20:20:48.854] [exthost1] [info] ExtensionService#loadCommonJSModule /opt/visual-studio-code/resources/app/extensions/git/dist/main
[2018-10-01 20:20:48.951] [exthost1] [info] ExtensionService#_doActivateExtension vscode.merge-conflict {"startup":true,"activationEvent":"*"}
[2018-10-01 20:20:48.951] [exthost1] [info] ExtensionService#loadCommonJSModule /opt/visual-studio-code/resources/app/extensions/merge-conflict/out/extension
[2018-10-01 20:20:48.958] [exthost1] [info] ExtensionService#_doActivateExtension vscode.search-rg {"startup":true,"activationEvent":"*"}
[2018-10-01 20:20:48.958] [exthost1] [info] ExtensionService#loadCommonJSModule /opt/visual-studio-code/resources/app/extensions/search-rg/out/extension
[2018-10-01 20:20:48.961] [exthost1] [info] ExtensionService#_doActivateExtension esbenp.prettier-vscode {"startup":true,"activationEvent":"*"}
[2018-10-01 20:20:48.961] [exthost1] [info] ExtensionService#loadCommonJSModule /home/vrelda/.vscode/extensions/esbenp.prettier-vscode-1.6.1/out/src/extension
[2018-10-01 20:20:49.060] [exthost1] [info] ExtensionService#_doActivateExtension kruemelkatze.vscode-dashboard {"startup":true,"activationEvent":"*"}
[2018-10-01 20:20:49.060] [exthost1] [info] ExtensionService#loadCommonJSModule /home/vrelda/.vscode/extensions/kruemelkatze.vscode-dashboard-1.1.0/out/dashboard
[2018-10-01 20:20:49.062] [exthost1] [info] ExtensionService#_doActivateExtension PKief.material-icon-theme {"startup":true,"activationEvent":"*"}
[2018-10-01 20:20:49.062] [exthost1] [info] ExtensionService#loadCommonJSModule /home/vrelda/.vscode/extensions/pkief.material-icon-theme-3.6.0/out/src/extension
[2018-10-01 20:20:49.083] [exthost1] [info] ExtensionService#_doActivateExtension vscodevim.vim {"startup":true,"activationEvent":"*"}
[2018-10-01 20:20:49.083] [exthost1] [info] ExtensionService#loadCommonJSModule /home/vrelda/.vscode/extensions/vscodevim.vim-0.16.5/out/extension
[2018-10-01 20:20:49.298] [exthost1] [info] ExtensionService#_doActivateExtension WakaTime.vscode-wakatime {"startup":true,"activationEvent":"*"}
[2018-10-01 20:20:49.298] [exthost1] [info] ExtensionService#loadCommonJSModule /home/vrelda/.vscode/extensions/wakatime.vscode-wakatime-1.2.3/out/extension
[2018-10-01 20:20:49.300] [exthost1] [info] eager extensions activated
[2018-10-01 20:20:49.302] [exthost1] [info] ExtensionService#_doActivateExtension lunaryorn.fish-ide {"startup":false,"activationEvent":"onLanguage:fish"}
[2018-10-01 20:20:49.302] [exthost1] [info] ExtensionService#loadCommonJSModule /home/vrelda/.vscode/extensions/lunaryorn.fish-ide-0.4.0/out/src/extension
