ReadyThis is LuaTeX, Version 1.07.0 (TeX Live 2018/Arch Linux) 
 restricted system commands enabled.
(/media/hdd1/documents/study/personal_statement.tex
LaTeX2e <2018-04-01> patch level 5
(using write cache: /home/vrelda/.texlive/texmf-var/luatex-cache/generic)(using read cache: /var/lib/texmf/luatex-cache/generic /home/vrelda/.texlive/texmf-var/luatex-cache/generic)
luaotfload | main : initialization completed in 0.084 seconds (/usr/share/texmf-dist/tex/latex/base/article.cls
Document Class: article 2014/09/29 v1.4h Standard LaTeX document class
(/usr/share/texmf-dist/tex/latex/base/size10.clo(load luc: /home/vrelda/.texlive/texmf-var/luatex-cache/generic/fonts/otl/lmroman10-regular.luc))) (/usr/share/texmf-dist/tex/generic/babel/babel.sty (/usr/share/texmf-dist/tex/generic/babel/switch.def) (/usr/share/texmf-dist/tex/generic/babel/luababel.def) (/usr/share/texmf-dist/tex/generic/babel-english/english.ldf (/usr/share/texmf-dist/tex/generic/babel/babel.def (/usr/share/texmf-dist/tex/generic/babel/luababel.def)))) (/usr/share/texmf-dist/tex/latex/geometry/geometry.sty (/usr/share/texmf-dist/tex/latex/graphics/keyval.sty) (/usr/share/texmf-dist/tex/generic/oberdiek/ifpdf.sty) (/usr/share/texmf-dist/tex/generic/oberdiek/ifvtex.sty) (/usr/share/texmf-dist/tex/generic/ifxetex/ifxetex.sty)) (/usr/share/texmf-dist/tex/latex/fancyhdr/fancyhdr.sty) (/usr/share/texmf-dist/tex/latex/datetime/datetime.sty (/usr/share/texmf-dist/tex/latex/etoolbox/etoolbox.sty) (/usr/share/texmf-dist/tex/latex/fmtcount/fmtcount.sty (/usr/share/texmf-dist/tex/latex/base/ifthen.sty) (/usr/share/texmf-dist/tex/latex/xkeyval/xkeyval.sty (/usr/share/texmf-dist/tex/generic/xkeyval/xkeyval.tex (/usr/share/texmf-dist/tex/generic/xkeyval/xkvutils.tex))) (/usr/share/texmf-dist/tex/latex/fmtcount/fcprefix.sty (/usr/share/texmf-dist/tex/latex/fmtcount/fcnumparser.sty)) (/usr/share/texmf-dist/tex/latex/amsmath/amsgen.sty) (/usr/share/texmf-dist/tex/latex/fmtcount/fc-english.def)) (/usr/share/texmf-dist/tex/latex/datetime/datetime-defaults.sty)) (/usr/share/texmf-dist/tex/latex/lastpage/lastpage.sty) (./personal_statement.aux)
*geometry* driver: auto-detecting
*geometry* detected driver: luatex
(load luc: /home/vrelda/.texlive/texmf-var/luatex-cache/generic/fonts/otl/lmroman12-regular.luc)(load luc: /home/vrelda/.texlive/texmf-var/luatex-cache/generic/fonts/otl/lmroman12-bold.luc) 
AED: lastpage setting LastPage
(load luc: /home/vrelda/.texlive/texmf-var/luatex-cache/generic/fonts/otl/lmroman7-regular.luc)

Package Fancyhdr Warning: \headheight is too small (12.0pt): 
 Make it at least 12.08696pt.
 We now make it that large for the rest of the document.
 This may cause the page layout to be inconsistent, however.

[1{/var/lib/texmf/fonts/map/pdftex/updmap/pdftex.map}] (./personal_statement.aux))
 367 words of node memory still in use:
   2 hlist, 1 vlist, 1 rule, 2 glue, 4 attribute, 46 glue_spec, 4 attribute_list, 2 write nodes
   avail lists: 1:1,2:86,3:22,4:12,5:237,6:8,7:3590,8:7,9:77,10:8,11:279
</usr/share/texmf-dist/fonts/opentype/public/lm/lmroman12-bold.otf></usr/share/texmf-dist/fonts/opentype/public/lm/lmroman7-regular.otf></usr/share/texmf-dist/fonts/opentype/public/lm/lmroman10-regular.otf>
Output written on personal_statement.pdf (1 page, 16011 bytes).
SyncTeX written on personal_statement.synctex.gz.
Transcript written on personal_statement.log.
This is LuaTeX, Version 1.07.0 (TeX Live 2018/Arch Linux) 
 restricted system commands enabled.
(/media/hdd1/documents/study/personal_statement.tex
LaTeX2e <2018-04-01> patch level 5
(using write cache: /home/vrelda/.texlive/texmf-var/luatex-cache/generic)(using read cache: /var/lib/texmf/luatex-cache/generic /home/vrelda/.texlive/texmf-var/luatex-cache/generic)
luaotfload | main : initialization completed in 0.071 seconds (/usr/share/texmf-dist/tex/latex/base/article.cls
Document Class: article 2014/09/29 v1.4h Standard LaTeX document class
(/usr/share/texmf-dist/tex/latex/base/size10.clo(load luc: /home/vrelda/.texlive/texmf-var/luatex-cache/generic/fonts/otl/lmroman10-regular.luc))) (/usr/share/texmf-dist/tex/generic/babel/babel.sty (/usr/share/texmf-dist/tex/generic/babel/switch.def) (/usr/share/texmf-dist/tex/generic/babel/luababel.def) (/usr/share/texmf-dist/tex/generic/babel-english/english.ldf (/usr/share/texmf-dist/tex/generic/babel/babel.def (/usr/share/texmf-dist/tex/generic/babel/luababel.def)))) (/usr/share/texmf-dist/tex/latex/geometry/geometry.sty (/usr/share/texmf-dist/tex/latex/graphics/keyval.sty) (/usr/share/texmf-dist/tex/generic/oberdiek/ifpdf.sty) (/usr/share/texmf-dist/tex/generic/oberdiek/ifvtex.sty) (/usr/share/texmf-dist/tex/generic/ifxetex/ifxetex.sty)) (/usr/share/texmf-dist/tex/latex/fancyhdr/fancyhdr.sty) (/usr/share/texmf-dist/tex/latex/datetime/datetime.sty (/usr/share/texmf-dist/tex/latex/etoolbox/etoolbox.sty) (/usr/share/texmf-dist/tex/latex/fmtcount/fmtcount.sty (/usr/share/texmf-dist/tex/latex/base/ifthen.sty) (/usr/share/texmf-dist/tex/latex/xkeyval/xkeyval.sty (/usr/share/texmf-dist/tex/generic/xkeyval/xkeyval.tex (/usr/share/texmf-dist/tex/generic/xkeyval/xkvutils.tex))) (/usr/share/texmf-dist/tex/latex/fmtcount/fcprefix.sty (/usr/share/texmf-dist/tex/latex/fmtcount/fcnumparser.sty)) (/usr/share/texmf-dist/tex/latex/amsmath/amsgen.sty) (/usr/share/texmf-dist/tex/latex/fmtcount/fc-english.def)) (/usr/share/texmf-dist/tex/latex/datetime/datetime-defaults.sty)) (/usr/share/texmf-dist/tex/latex/lastpage/lastpage.sty) (./personal_statement.aux)
*geometry* driver: auto-detecting
*geometry* detected driver: luatex
(load luc: /home/vrelda/.texlive/texmf-var/luatex-cache/generic/fonts/otl/lmroman12-regular.luc)(load luc: /home/vrelda/.texlive/texmf-var/luatex-cache/generic/fonts/otl/lmroman12-bold.luc) 
AED: lastpage setting LastPage
(load luc: /home/vrelda/.texlive/texmf-var/luatex-cache/generic/fonts/otl/lmroman7-regular.luc)

Package Fancyhdr Warning: \headheight is too small (12.0pt): 
 Make it at least 12.08696pt.
 We now make it that large for the rest of the document.
 This may cause the page layout to be inconsistent, however.

[1{/var/lib/texmf/fonts/map/pdftex/updmap/pdftex.map}] (./personal_statement.aux))
 367 words of node memory still in use:
   2 hlist, 1 vlist, 1 rule, 2 glue, 4 attribute, 46 glue_spec, 4 attribute_list, 2 write nodes
   avail lists: 1:1,2:88,3:29,4:35,5:235,6:8,7:3712,8:7,9:78,10:24,11:273
</usr/share/texmf-dist/fonts/opentype/public/lm/lmroman12-bold.otf></usr/share/texmf-dist/fonts/opentype/public/lm/lmroman7-regular.otf></usr/share/texmf-dist/fonts/opentype/public/lm/lmroman10-regular.otf>
Output written on personal_statement.pdf (1 page, 15728 bytes).
SyncTeX written on personal_statement.synctex.gz.
Transcript written on personal_statement.log.
This is LuaTeX, Version 1.07.0 (TeX Live 2018/Arch Linux) 
 restricted system commands enabled.
(/media/hdd1/documents/study/personal_statement.tex
LaTeX2e <2018-04-01> patch level 5
(using write cache: /home/vrelda/.texlive/texmf-var/luatex-cache/generic)(using read cache: /var/lib/texmf/luatex-cache/generic /home/vrelda/.texlive/texmf-var/luatex-cache/generic)
luaotfload | main : initialization completed in 0.070 seconds (/usr/share/texmf-dist/tex/latex/base/article.cls
Document Class: article 2014/09/29 v1.4h Standard LaTeX document class
(/usr/share/texmf-dist/tex/latex/base/size10.clo(load luc: /home/vrelda/.texlive/texmf-var/luatex-cache/generic/fonts/otl/lmroman10-regular.luc))) (/usr/share/texmf-dist/tex/generic/babel/babel.sty (/usr/share/texmf-dist/tex/generic/babel/switch.def) (/usr/share/texmf-dist/tex/generic/babel/luababel.def) (/usr/share/texmf-dist/tex/generic/babel-english/english.ldf (/usr/share/texmf-dist/tex/generic/babel/babel.def (/usr/share/texmf-dist/tex/generic/babel/luababel.def)))) (/usr/share/texmf-dist/tex/latex/geometry/geometry.sty (/usr/share/texmf-dist/tex/latex/graphics/keyval.sty) (/usr/share/texmf-dist/tex/generic/oberdiek/ifpdf.sty) (/usr/share/texmf-dist/tex/generic/oberdiek/ifvtex.sty) (/usr/share/texmf-dist/tex/generic/ifxetex/ifxetex.sty)) (/usr/share/texmf-dist/tex/latex/fancyhdr/fancyhdr.sty) (/usr/share/texmf-dist/tex/latex/datetime/datetime.sty (/usr/share/texmf-dist/tex/latex/etoolbox/etoolbox.sty) (/usr/share/texmf-dist/tex/latex/fmtcount/fmtcount.sty (/usr/share/texmf-dist/tex/latex/base/ifthen.sty) (/usr/share/texmf-dist/tex/latex/xkeyval/xkeyval.sty (/usr/share/texmf-dist/tex/generic/xkeyval/xkeyval.tex (/usr/share/texmf-dist/tex/generic/xkeyval/xkvutils.tex))) (/usr/share/texmf-dist/tex/latex/fmtcount/fcprefix.sty (/usr/share/texmf-dist/tex/latex/fmtcount/fcnumparser.sty)) (/usr/share/texmf-dist/tex/latex/amsmath/amsgen.sty) (/usr/share/texmf-dist/tex/latex/fmtcount/fc-english.def)) (/usr/share/texmf-dist/tex/latex/datetime/datetime-defaults.sty)) (/usr/share/texmf-dist/tex/latex/lastpage/lastpage.sty) (./personal_statement.aux)
*geometry* driver: auto-detecting
*geometry* detected driver: luatex
(load luc: /home/vrelda/.texlive/texmf-var/luatex-cache/generic/fonts/otl/lmroman12-regular.luc)(load luc: /home/vrelda/.texlive/texmf-var/luatex-cache/generic/fonts/otl/lmroman12-bold.luc) 
AED: lastpage setting LastPage
(load luc: /home/vrelda/.texlive/texmf-var/luatex-cache/generic/fonts/otl/lmroman7-regular.luc)

Package Fancyhdr Warning: \headheight is too small (12.0pt): 
 Make it at least 12.08696pt.
 We now make it that large for the rest of the document.
 This may cause the page layout to be inconsistent, however.

[1{/var/lib/texmf/fonts/map/pdftex/updmap/pdftex.map}] (./personal_statement.aux))
 367 words of node memory still in use:
   2 hlist, 1 vlist, 1 rule, 2 glue, 4 attribute, 46 glue_spec, 4 attribute_list, 2 write nodes
   avail lists: 1:1,2:88,3:24,4:7,5:236,6:8,7:3513,8:7,9:78,10:5,11:271
</usr/share/texmf-dist/fonts/opentype/public/lm/lmroman12-bold.otf></usr/share/texmf-dist/fonts/opentype/public/lm/lmroman7-regular.otf></usr/share/texmf-dist/fonts/opentype/public/lm/lmroman10-regular.otf>
Output written on personal_statement.pdf (1 page, 15766 bytes).
SyncTeX written on personal_statement.synctex.gz.
Transcript written on personal_statement.log.
This is LuaTeX, Version 1.07.0 (TeX Live 2018/Arch Linux) 
 restricted system commands enabled.
(/media/hdd1/documents/study/personal_statement.tex
LaTeX2e <2018-04-01> patch level 5
(using write cache: /home/vrelda/.texlive/texmf-var/luatex-cache/generic)(using read cache: /var/lib/texmf/luatex-cache/generic /home/vrelda/.texlive/texmf-var/luatex-cache/generic)
luaotfload | main : initialization completed in 0.071 seconds (/usr/share/texmf-dist/tex/latex/base/article.cls
Document Class: article 2014/09/29 v1.4h Standard LaTeX document class
(/usr/share/texmf-dist/tex/latex/base/size10.clo(load luc: /home/vrelda/.texlive/texmf-var/luatex-cache/generic/fonts/otl/lmroman10-regular.luc))) (/usr/share/texmf-dist/tex/generic/babel/babel.sty (/usr/share/texmf-dist/tex/generic/babel/switch.def) (/usr/share/texmf-dist/tex/generic/babel/luababel.def) (/usr/share/texmf-dist/tex/generic/babel-english/english.ldf (/usr/share/texmf-dist/tex/generic/babel/babel.def (/usr/share/texmf-dist/tex/generic/babel/luababel.def)))) (/usr/share/texmf-dist/tex/latex/geometry/geometry.sty (/usr/share/texmf-dist/tex/latex/graphics/keyval.sty) (/usr/share/texmf-dist/tex/generic/oberdiek/ifpdf.sty) (/usr/share/texmf-dist/tex/generic/oberdiek/ifvtex.sty) (/usr/share/texmf-dist/tex/generic/ifxetex/ifxetex.sty)) (/usr/share/texmf-dist/tex/latex/fancyhdr/fancyhdr.sty) (/usr/share/texmf-dist/tex/latex/datetime/datetime.sty (/usr/share/texmf-dist/tex/latex/etoolbox/etoolbox.sty) (/usr/share/texmf-dist/tex/latex/fmtcount/fmtcount.sty (/usr/share/texmf-dist/tex/latex/base/ifthen.sty) (/usr/share/texmf-dist/tex/latex/xkeyval/xkeyval.sty (/usr/share/texmf-dist/tex/generic/xkeyval/xkeyval.tex (/usr/share/texmf-dist/tex/generic/xkeyval/xkvutils.tex))) (/usr/share/texmf-dist/tex/latex/fmtcount/fcprefix.sty (/usr/share/texmf-dist/tex/latex/fmtcount/fcnumparser.sty)) (/usr/share/texmf-dist/tex/latex/amsmath/amsgen.sty) (/usr/share/texmf-dist/tex/latex/fmtcount/fc-english.def)) (/usr/share/texmf-dist/tex/latex/datetime/datetime-defaults.sty)) (/usr/share/texmf-dist/tex/latex/lastpage/lastpage.sty) (./personal_statement.aux)
*geometry* driver: auto-detecting
*geometry* detected driver: luatex
(load luc: /home/vrelda/.texlive/texmf-var/luatex-cache/generic/fonts/otl/lmroman12-regular.luc)(load luc: /home/vrelda/.texlive/texmf-var/luatex-cache/generic/fonts/otl/lmroman12-bold.luc) 
AED: lastpage setting LastPage
(load luc: /home/vrelda/.texlive/texmf-var/luatex-cache/generic/fonts/otl/lmroman7-regular.luc)

Package Fancyhdr Warning: \headheight is too small (12.0pt): 
 Make it at least 12.08696pt.
 We now make it that large for the rest of the document.
 This may cause the page layout to be inconsistent, however.

[1{/var/lib/texmf/fonts/map/pdftex/updmap/pdftex.map}] (./personal_statement.aux))
 367 words of node memory still in use:
   2 hlist, 1 vlist, 1 rule, 2 glue, 4 attribute, 46 glue_spec, 4 attribute_list, 2 write nodes
   avail lists: 1:1,2:88,3:24,4:7,5:235,6:8,7:3498,8:7,9:78,10:5,11:270
</usr/share/texmf-dist/fonts/opentype/public/lm/lmroman12-bold.otf></usr/share/texmf-dist/fonts/opentype/public/lm/lmroman7-regular.otf></usr/share/texmf-dist/fonts/opentype/public/lm/lmroman10-regular.otf>
Output written on personal_statement.pdf (1 page, 15751 bytes).
SyncTeX written on personal_statement.synctex.gz.
Transcript written on personal_statement.log.
This is LuaTeX, Version 1.07.0 (TeX Live 2018/Arch Linux) 
 restricted system commands enabled.
(/media/hdd1/documents/study/personal_statement.tex
LaTeX2e <2018-04-01> patch level 5
(using write cache: /home/vrelda/.texlive/texmf-var/luatex-cache/generic)(using read cache: /var/lib/texmf/luatex-cache/generic /home/vrelda/.texlive/texmf-var/luatex-cache/generic)
luaotfload | main : initialization completed in 0.071 seconds (/usr/share/texmf-dist/tex/latex/base/article.cls
Document Class: article 2014/09/29 v1.4h Standard LaTeX document class
(/usr/share/texmf-dist/tex/latex/base/size10.clo(load luc: /home/vrelda/.texlive/texmf-var/luatex-cache/generic/fonts/otl/lmroman10-regular.luc))) (/usr/share/texmf-dist/tex/generic/babel/babel.sty (/usr/share/texmf-dist/tex/generic/babel/switch.def) (/usr/share/texmf-dist/tex/generic/babel/luababel.def) (/usr/share/texmf-dist/tex/generic/babel-english/english.ldf (/usr/share/texmf-dist/tex/generic/babel/babel.def (/usr/share/texmf-dist/tex/generic/babel/luababel.def)))) (/usr/share/texmf-dist/tex/latex/geometry/geometry.sty (/usr/share/texmf-dist/tex/latex/graphics/keyval.sty) (/usr/share/texmf-dist/tex/generic/oberdiek/ifpdf.sty) (/usr/share/texmf-dist/tex/generic/oberdiek/ifvtex.sty) (/usr/share/texmf-dist/tex/generic/ifxetex/ifxetex.sty)) (/usr/share/texmf-dist/tex/latex/fancyhdr/fancyhdr.sty) (/usr/share/texmf-dist/tex/latex/datetime/datetime.sty (/usr/share/texmf-dist/tex/latex/etoolbox/etoolbox.sty) (/usr/share/texmf-dist/tex/latex/fmtcount/fmtcount.sty (/usr/share/texmf-dist/tex/latex/base/ifthen.sty) (/usr/share/texmf-dist/tex/latex/xkeyval/xkeyval.sty (/usr/share/texmf-dist/tex/generic/xkeyval/xkeyval.tex (/usr/share/texmf-dist/tex/generic/xkeyval/xkvutils.tex))) (/usr/share/texmf-dist/tex/latex/fmtcount/fcprefix.sty (/usr/share/texmf-dist/tex/latex/fmtcount/fcnumparser.sty)) (/usr/share/texmf-dist/tex/latex/amsmath/amsgen.sty) (/usr/share/texmf-dist/tex/latex/fmtcount/fc-english.def)) (/usr/share/texmf-dist/tex/latex/datetime/datetime-defaults.sty)) (/usr/share/texmf-dist/tex/latex/lastpage/lastpage.sty) (./personal_statement.aux)
*geometry* driver: auto-detecting
*geometry* detected driver: luatex
(load luc: /home/vrelda/.texlive/texmf-var/luatex-cache/generic/fonts/otl/lmroman12-regular.luc)(load luc: /home/vrelda/.texlive/texmf-var/luatex-cache/generic/fonts/otl/lmroman12-bold.luc) 
AED: lastpage setting LastPage
(load luc: /home/vrelda/.texlive/texmf-var/luatex-cache/generic/fonts/otl/lmroman7-regular.luc)

Package Fancyhdr Warning: \headheight is too small (12.0pt): 
 Make it at least 12.08696pt.
 We now make it that large for the rest of the document.
 This may cause the page layout to be inconsistent, however.

[1{/var/lib/texmf/fonts/map/pdftex/updmap/pdftex.map}] (./personal_statement.aux))
 367 words of node memory still in use:
   2 hlist, 1 vlist, 1 rule, 2 glue, 4 attribute, 46 glue_spec, 4 attribute_list, 2 write nodes
   avail lists: 1:2,2:88,3:24,4:7,5:235,6:8,7:3502,8:7,9:78,10:5,11:270
</usr/share/texmf-dist/fonts/opentype/public/lm/lmroman12-bold.otf></usr/share/texmf-dist/fonts/opentype/public/lm/lmroman7-regular.otf></usr/share/texmf-dist/fonts/opentype/public/lm/lmroman10-regular.otf>
Output written on personal_statement.pdf (1 page, 15895 bytes).
SyncTeX written on personal_statement.synctex.gz.
Transcript written on personal_statement.log.
This is LuaTeX, Version 1.07.0 (TeX Live 2018/Arch Linux) 
 restricted system commands enabled.
(/media/hdd1/documents/study/personal_statement.tex
LaTeX2e <2018-04-01> patch level 5
(using write cache: /home/vrelda/.texlive/texmf-var/luatex-cache/generic)(using read cache: /var/lib/texmf/luatex-cache/generic /home/vrelda/.texlive/texmf-var/luatex-cache/generic)
luaotfload | main : initialization completed in 0.072 seconds (/usr/share/texmf-dist/tex/latex/base/article.cls
Document Class: article 2014/09/29 v1.4h Standard LaTeX document class
(/usr/share/texmf-dist/tex/latex/base/size10.clo(load luc: /home/vrelda/.texlive/texmf-var/luatex-cache/generic/fonts/otl/lmroman10-regular.luc))) (/usr/share/texmf-dist/tex/generic/babel/babel.sty (/usr/share/texmf-dist/tex/generic/babel/switch.def) (/usr/share/texmf-dist/tex/generic/babel/luababel.def) (/usr/share/texmf-dist/tex/generic/babel-english/english.ldf (/usr/share/texmf-dist/tex/generic/babel/babel.def (/usr/share/texmf-dist/tex/generic/babel/luababel.def)))) (/usr/share/texmf-dist/tex/latex/geometry/geometry.sty (/usr/share/texmf-dist/tex/latex/graphics/keyval.sty) (/usr/share/texmf-dist/tex/generic/oberdiek/ifpdf.sty) (/usr/share/texmf-dist/tex/generic/oberdiek/ifvtex.sty) (/usr/share/texmf-dist/tex/generic/ifxetex/ifxetex.sty)) (/usr/share/texmf-dist/tex/latex/fancyhdr/fancyhdr.sty) (/usr/share/texmf-dist/tex/latex/datetime/datetime.sty (/usr/share/texmf-dist/tex/latex/etoolbox/etoolbox.sty) (/usr/share/texmf-dist/tex/latex/fmtcount/fmtcount.sty (/usr/share/texmf-dist/tex/latex/base/ifthen.sty) (/usr/share/texmf-dist/tex/latex/xkeyval/xkeyval.sty (/usr/share/texmf-dist/tex/generic/xkeyval/xkeyval.tex (/usr/share/texmf-dist/tex/generic/xkeyval/xkvutils.tex))) (/usr/share/texmf-dist/tex/latex/fmtcount/fcprefix.sty (/usr/share/texmf-dist/tex/latex/fmtcount/fcnumparser.sty)) (/usr/share/texmf-dist/tex/latex/amsmath/amsgen.sty) (/usr/share/texmf-dist/tex/latex/fmtcount/fc-english.def)) (/usr/share/texmf-dist/tex/latex/datetime/datetime-defaults.sty)) (/usr/share/texmf-dist/tex/latex/lastpage/lastpage.sty) (./personal_statement.aux)
*geometry* driver: auto-detecting
*geometry* detected driver: luatex
(load luc: /home/vrelda/.texlive/texmf-var/luatex-cache/generic/fonts/otl/lmroman12-regular.luc)(load luc: /home/vrelda/.texlive/texmf-var/luatex-cache/generic/fonts/otl/lmroman12-bold.luc) 
AED: lastpage setting LastPage
(load luc: /home/vrelda/.texlive/texmf-var/luatex-cache/generic/fonts/otl/lmroman7-regular.luc)

Package Fancyhdr Warning: \headheight is too small (12.0pt): 
 Make it at least 12.08696pt.
 We now make it that large for the rest of the document.
 This may cause the page layout to be inconsistent, however.

[1{/var/lib/texmf/fonts/map/pdftex/updmap/pdftex.map}] (./personal_statement.aux))
 367 words of node memory still in use:
   2 hlist, 1 vlist, 1 rule, 2 glue, 4 attribute, 46 glue_spec, 4 attribute_list, 2 write nodes
   avail lists: 1:1,2:88,3:24,4:7,5:235,6:8,7:3503,8:7,9:78,10:5,11:270
</usr/share/texmf-dist/fonts/opentype/public/lm/lmroman12-bold.otf></usr/share/texmf-dist/fonts/opentype/public/lm/lmroman7-regular.otf></usr/share/texmf-dist/fonts/opentype/public/lm/lmroman10-regular.otf>
Output written on personal_statement.pdf (1 page, 15895 bytes).
SyncTeX written on personal_statement.synctex.gz.
Transcript written on personal_statement.log.
This is LuaTeX, Version 1.07.0 (TeX Live 2018/Arch Linux) 
 restricted system commands enabled.
(/media/hdd1/documents/study/personal_statement.tex
LaTeX2e <2018-04-01> patch level 5
(using write cache: /home/vrelda/.texlive/texmf-var/luatex-cache/generic)(using read cache: /var/lib/texmf/luatex-cache/generic /home/vrelda/.texlive/texmf-var/luatex-cache/generic)
luaotfload | main : initialization completed in 0.069 seconds (/usr/share/texmf-dist/tex/latex/base/article.cls
Document Class: article 2014/09/29 v1.4h Standard LaTeX document class
(/usr/share/texmf-dist/tex/latex/base/size10.clo(load luc: /home/vrelda/.texlive/texmf-var/luatex-cache/generic/fonts/otl/lmroman10-regular.luc))) (/usr/share/texmf-dist/tex/generic/babel/babel.sty (/usr/share/texmf-dist/tex/generic/babel/switch.def) (/usr/share/texmf-dist/tex/generic/babel/luababel.def) (/usr/share/texmf-dist/tex/generic/babel-english/english.ldf (/usr/share/texmf-dist/tex/generic/babel/babel.def (/usr/share/texmf-dist/tex/generic/babel/luababel.def)))) (/usr/share/texmf-dist/tex/latex/geometry/geometry.sty (/usr/share/texmf-dist/tex/latex/graphics/keyval.sty) (/usr/share/texmf-dist/tex/generic/oberdiek/ifpdf.sty) (/usr/share/texmf-dist/tex/generic/oberdiek/ifvtex.sty) (/usr/share/texmf-dist/tex/generic/ifxetex/ifxetex.sty)) (/usr/share/texmf-dist/tex/latex/fancyhdr/fancyhdr.sty) (/usr/share/texmf-dist/tex/latex/datetime/datetime.sty (/usr/share/texmf-dist/tex/latex/etoolbox/etoolbox.sty) (/usr/share/texmf-dist/tex/latex/fmtcount/fmtcount.sty (/usr/share/texmf-dist/tex/latex/base/ifthen.sty) (/usr/share/texmf-dist/tex/latex/xkeyval/xkeyval.sty (/usr/share/texmf-dist/tex/generic/xkeyval/xkeyval.tex (/usr/share/texmf-dist/tex/generic/xkeyval/xkvutils.tex))) (/usr/share/texmf-dist/tex/latex/fmtcount/fcprefix.sty (/usr/share/texmf-dist/tex/latex/fmtcount/fcnumparser.sty)) (/usr/share/texmf-dist/tex/latex/amsmath/amsgen.sty) (/usr/share/texmf-dist/tex/latex/fmtcount/fc-english.def)) (/usr/share/texmf-dist/tex/latex/datetime/datetime-defaults.sty)) (/usr/share/texmf-dist/tex/latex/lastpage/lastpage.sty) (./personal_statement.aux)
*geometry* driver: auto-detecting
*geometry* detected driver: luatex
(load luc: /home/vrelda/.texlive/texmf-var/luatex-cache/generic/fonts/otl/lmroman12-regular.luc)(load luc: /home/vrelda/.texlive/texmf-var/luatex-cache/generic/fonts/otl/lmroman12-bold.luc) 
AED: lastpage setting LastPage
(load luc: /home/vrelda/.texlive/texmf-var/luatex-cache/generic/fonts/otl/lmroman7-regular.luc)

Package Fancyhdr Warning: \headheight is too small (12.0pt): 
 Make it at least 12.08696pt.
 We now make it that large for the rest of the document.
 This may cause the page layout to be inconsistent, however.

[1{/var/lib/texmf/fonts/map/pdftex/updmap/pdftex.map}] (./personal_statement.aux))
 367 words of node memory still in use:
   2 hlist, 1 vlist, 1 rule, 2 glue, 4 attribute, 46 glue_spec, 4 attribute_list, 2 write nodes
   avail lists: 1:2,2:88,3:24,4:7,5:234,6:8,7:3502,8:7,9:78,10:5,11:270
</usr/share/texmf-dist/fonts/opentype/public/lm/lmroman12-bold.otf></usr/share/texmf-dist/fonts/opentype/public/lm/lmroman7-regular.otf></usr/share/texmf-dist/fonts/opentype/public/lm/lmroman10-regular.otf>
Output written on personal_statement.pdf (1 page, 15775 bytes).
SyncTeX written on personal_statement.synctex.gz.
Transcript written on personal_statement.log.
This is LuaTeX, Version 1.07.0 (TeX Live 2018/Arch Linux) 
 restricted system commands enabled.
(/media/hdd1/documents/study/personal_statement.tex
LaTeX2e <2018-04-01> patch level 5
(using write cache: /home/vrelda/.texlive/texmf-var/luatex-cache/generic)(using read cache: /var/lib/texmf/luatex-cache/generic /home/vrelda/.texlive/texmf-var/luatex-cache/generic)
luaotfload | main : initialization completed in 0.073 seconds (/usr/share/texmf-dist/tex/latex/base/article.cls
Document Class: article 2014/09/29 v1.4h Standard LaTeX document class
(/usr/share/texmf-dist/tex/latex/base/size10.clo(load luc: /home/vrelda/.texlive/texmf-var/luatex-cache/generic/fonts/otl/lmroman10-regular.luc))) (/usr/share/texmf-dist/tex/generic/babel/babel.sty (/usr/share/texmf-dist/tex/generic/babel/switch.def) (/usr/share/texmf-dist/tex/generic/babel/luababel.def) (/usr/share/texmf-dist/tex/generic/babel-english/english.ldf (/usr/share/texmf-dist/tex/generic/babel/babel.def (/usr/share/texmf-dist/tex/generic/babel/luababel.def)))) (/usr/share/texmf-dist/tex/latex/geometry/geometry.sty (/usr/share/texmf-dist/tex/latex/graphics/keyval.sty) (/usr/share/texmf-dist/tex/generic/oberdiek/ifpdf.sty) (/usr/share/texmf-dist/tex/generic/oberdiek/ifvtex.sty) (/usr/share/texmf-dist/tex/generic/ifxetex/ifxetex.sty)) (/usr/share/texmf-dist/tex/latex/fancyhdr/fancyhdr.sty) (/usr/share/texmf-dist/tex/latex/datetime/datetime.sty (/usr/share/texmf-dist/tex/latex/etoolbox/etoolbox.sty) (/usr/share/texmf-dist/tex/latex/fmtcount/fmtcount.sty (/usr/share/texmf-dist/tex/latex/base/ifthen.sty) (/usr/share/texmf-dist/tex/latex/xkeyval/xkeyval.sty (/usr/share/texmf-dist/tex/generic/xkeyval/xkeyval.tex (/usr/share/texmf-dist/tex/generic/xkeyval/xkvutils.tex))) (/usr/share/texmf-dist/tex/latex/fmtcount/fcprefix.sty (/usr/share/texmf-dist/tex/latex/fmtcount/fcnumparser.sty)) (/usr/share/texmf-dist/tex/latex/amsmath/amsgen.sty) (/usr/share/texmf-dist/tex/latex/fmtcount/fc-english.def)) (/usr/share/texmf-dist/tex/latex/datetime/datetime-defaults.sty)) (/usr/share/texmf-dist/tex/latex/lastpage/lastpage.sty) (./personal_statement.aux)
*geometry* driver: auto-detecting
*geometry* detected driver: luatex
(load luc: /home/vrelda/.texlive/texmf-var/luatex-cache/generic/fonts/otl/lmroman12-regular.luc)(load luc: /home/vrelda/.texlive/texmf-var/luatex-cache/generic/fonts/otl/lmroman12-bold.luc) 
AED: lastpage setting LastPage
(load luc: /home/vrelda/.texlive/texmf-var/luatex-cache/generic/fonts/otl/lmroman7-regular.luc)

Package Fancyhdr Warning: \headheight is too small (12.0pt): 
 Make it at least 12.08696pt.
 We now make it that large for the rest of the document.
 This may cause the page layout to be inconsistent, however.

[1{/var/lib/texmf/fonts/map/pdftex/updmap/pdftex.map}] (./personal_statement.aux))
 367 words of node memory still in use:
   2 hlist, 1 vlist, 1 rule, 2 glue, 4 attribute, 46 glue_spec, 4 attribute_list, 2 write nodes
   avail lists: 1:1,2:88,3:24,4:7,5:233,6:8,7:3505,8:7,9:78,10:5,11:271
</usr/share/texmf-dist/fonts/opentype/public/lm/lmroman12-bold.otf></usr/share/texmf-dist/fonts/opentype/public/lm/lmroman7-regular.otf></usr/share/texmf-dist/fonts/opentype/public/lm/lmroman10-regular.otf>
Output written on personal_statement.pdf (1 page, 15696 bytes).
SyncTeX written on personal_statement.synctex.gz.
Transcript written on personal_statement.log.
This is LuaTeX, Version 1.07.0 (TeX Live 2018/Arch Linux) 
 restricted system commands enabled.
(/media/hdd1/documents/study/personal_statement.tex
LaTeX2e <2018-04-01> patch level 5
(using write cache: /home/vrelda/.texlive/texmf-var/luatex-cache/generic)(using read cache: /var/lib/texmf/luatex-cache/generic /home/vrelda/.texlive/texmf-var/luatex-cache/generic)
luaotfload | main : initialization completed in 0.073 seconds (/usr/share/texmf-dist/tex/latex/base/article.cls
Document Class: article 2014/09/29 v1.4h Standard LaTeX document class
(/usr/share/texmf-dist/tex/latex/base/size10.clo(load luc: /home/vrelda/.texlive/texmf-var/luatex-cache/generic/fonts/otl/lmroman10-regular.luc))) (/usr/share/texmf-dist/tex/generic/babel/babel.sty (/usr/share/texmf-dist/tex/generic/babel/switch.def) (/usr/share/texmf-dist/tex/generic/babel/luababel.def) (/usr/share/texmf-dist/tex/generic/babel-english/english.ldf (/usr/share/texmf-dist/tex/generic/babel/babel.def (/usr/share/texmf-dist/tex/generic/babel/luababel.def)))) (/usr/share/texmf-dist/tex/latex/geometry/geometry.sty (/usr/share/texmf-dist/tex/latex/graphics/keyval.sty) (/usr/share/texmf-dist/tex/generic/oberdiek/ifpdf.sty) (/usr/share/texmf-dist/tex/generic/oberdiek/ifvtex.sty) (/usr/share/texmf-dist/tex/generic/ifxetex/ifxetex.sty)) (/usr/share/texmf-dist/tex/latex/fancyhdr/fancyhdr.sty) (/usr/share/texmf-dist/tex/latex/datetime/datetime.sty (/usr/share/texmf-dist/tex/latex/etoolbox/etoolbox.sty) (/usr/share/texmf-dist/tex/latex/fmtcount/fmtcount.sty (/usr/share/texmf-dist/tex/latex/base/ifthen.sty) (/usr/share/texmf-dist/tex/latex/xkeyval/xkeyval.sty (/usr/share/texmf-dist/tex/generic/xkeyval/xkeyval.tex (/usr/share/texmf-dist/tex/generic/xkeyval/xkvutils.tex))) (/usr/share/texmf-dist/tex/latex/fmtcount/fcprefix.sty (/usr/share/texmf-dist/tex/latex/fmtcount/fcnumparser.sty)) (/usr/share/texmf-dist/tex/latex/amsmath/amsgen.sty) (/usr/share/texmf-dist/tex/latex/fmtcount/fc-english.def)) (/usr/share/texmf-dist/tex/latex/datetime/datetime-defaults.sty)) (/usr/share/texmf-dist/tex/latex/lastpage/lastpage.sty) (./personal_statement.aux)
*geometry* driver: auto-detecting
*geometry* detected driver: luatex
(load luc: /home/vrelda/.texlive/texmf-var/luatex-cache/generic/fonts/otl/lmroman12-regular.luc)(load luc: /home/vrelda/.texlive/texmf-var/luatex-cache/generic/fonts/otl/lmroman12-bold.luc) 
AED: lastpage setting LastPage
(load luc: /home/vrelda/.texlive/texmf-var/luatex-cache/generic/fonts/otl/lmroman7-regular.luc)

Package Fancyhdr Warning: \headheight is too small (12.0pt): 
 Make it at least 12.08696pt.
 We now make it that large for the rest of the document.
 This may cause the page layout to be inconsistent, however.

[1{/var/lib/texmf/fonts/map/pdftex/updmap/pdftex.map}] (./personal_statement.aux))
 367 words of node memory still in use:
   2 hlist, 1 vlist, 1 rule, 2 glue, 4 attribute, 46 glue_spec, 4 attribute_list, 2 write nodes
   avail lists: 1:1,2:88,3:24,4:9,5:240,6:8,7:3636,8:7,9:80,10:6,11:280
</usr/share/texmf-dist/fonts/opentype/public/lm/lmroman12-bold.otf></usr/share/texmf-dist/fonts/opentype/public/lm/lmroman7-regular.otf></usr/share/texmf-dist/fonts/opentype/public/lm/lmroman10-regular.otf>
Output written on personal_statement.pdf (1 page, 15778 bytes).
SyncTeX written on personal_statement.synctex.gz.
Transcript written on personal_statement.log.
This is LuaTeX, Version 1.07.0 (TeX Live 2018/Arch Linux) 
 restricted system commands enabled.
(/media/hdd1/documents/study/personal_statement.tex
LaTeX2e <2018-04-01> patch level 5
(using write cache: /home/vrelda/.texlive/texmf-var/luatex-cache/generic)(using read cache: /var/lib/texmf/luatex-cache/generic /home/vrelda/.texlive/texmf-var/luatex-cache/generic)
luaotfload | main : initialization completed in 0.075 seconds (/usr/share/texmf-dist/tex/latex/base/article.cls
Document Class: article 2014/09/29 v1.4h Standard LaTeX document class
(/usr/share/texmf-dist/tex/latex/base/size10.clo(load luc: /home/vrelda/.texlive/texmf-var/luatex-cache/generic/fonts/otl/lmroman10-regular.luc))) (/usr/share/texmf-dist/tex/generic/babel/babel.sty (/usr/share/texmf-dist/tex/generic/babel/switch.def) (/usr/share/texmf-dist/tex/generic/babel/luababel.def) (/usr/share/texmf-dist/tex/generic/babel-english/english.ldf (/usr/share/texmf-dist/tex/generic/babel/babel.def (/usr/share/texmf-dist/tex/generic/babel/luababel.def)))) (/usr/share/texmf-dist/tex/latex/geometry/geometry.sty (/usr/share/texmf-dist/tex/latex/graphics/keyval.sty) (/usr/share/texmf-dist/tex/generic/oberdiek/ifpdf.sty) (/usr/share/texmf-dist/tex/generic/oberdiek/ifvtex.sty) (/usr/share/texmf-dist/tex/generic/ifxetex/ifxetex.sty)) (/usr/share/texmf-dist/tex/latex/fancyhdr/fancyhdr.sty) (/usr/share/texmf-dist/tex/latex/datetime/datetime.sty (/usr/share/texmf-dist/tex/latex/etoolbox/etoolbox.sty) (/usr/share/texmf-dist/tex/latex/fmtcount/fmtcount.sty (/usr/share/texmf-dist/tex/latex/base/ifthen.sty) (/usr/share/texmf-dist/tex/latex/xkeyval/xkeyval.sty (/usr/share/texmf-dist/tex/generic/xkeyval/xkeyval.tex (/usr/share/texmf-dist/tex/generic/xkeyval/xkvutils.tex))) (/usr/share/texmf-dist/tex/latex/fmtcount/fcprefix.sty (/usr/share/texmf-dist/tex/latex/fmtcount/fcnumparser.sty)) (/usr/share/texmf-dist/tex/latex/amsmath/amsgen.sty) (/usr/share/texmf-dist/tex/latex/fmtcount/fc-english.def)) (/usr/share/texmf-dist/tex/latex/datetime/datetime-defaults.sty)) (/usr/share/texmf-dist/tex/latex/lastpage/lastpage.sty) (./personal_statement.aux)
*geometry* driver: auto-detecting
*geometry* detected driver: luatex
(load luc: /home/vrelda/.texlive/texmf-var/luatex-cache/generic/fonts/otl/lmroman12-regular.luc)(load luc: /home/vrelda/.texlive/texmf-var/luatex-cache/generic/fonts/otl/lmroman12-bold.luc) 
AED: lastpage setting LastPage
(load luc: /home/vrelda/.texlive/texmf-var/luatex-cache/generic/fonts/otl/lmroman7-regular.luc)

Package Fancyhdr Warning: \headheight is too small (12.0pt): 
 Make it at least 12.08696pt.
 We now make it that large for the rest of the document.
 This may cause the page layout to be inconsistent, however.

[1{/var/lib/texmf/fonts/map/pdftex/updmap/pdftex.map}] (./personal_statement.aux))
 367 words of node memory still in use:
   2 hlist, 1 vlist, 1 rule, 2 glue, 4 attribute, 46 glue_spec, 4 attribute_list, 2 write nodes
   avail lists: 1:1,2:88,3:24,4:11,5:242,6:8,7:3655,8:7,9:80,10:7,11:283
</usr/share/texmf-dist/fonts/opentype/public/lm/lmroman12-bold.otf></usr/share/texmf-dist/fonts/opentype/public/lm/lmroman7-regular.otf></usr/share/texmf-dist/fonts/opentype/public/lm/lmroman10-regular.otf>
Output written on personal_statement.pdf (1 page, 15771 bytes).
SyncTeX written on personal_statement.synctex.gz.
Transcript written on personal_statement.log.
This is LuaTeX, Version 1.07.0 (TeX Live 2018/Arch Linux) 
 restricted system commands enabled.
(/media/hdd1/documents/study/personal_statement.tex
LaTeX2e <2018-04-01> patch level 5
(using write cache: /home/vrelda/.texlive/texmf-var/luatex-cache/generic)(using read cache: /var/lib/texmf/luatex-cache/generic /home/vrelda/.texlive/texmf-var/luatex-cache/generic)
luaotfload | main : initialization completed in 0.077 seconds (/usr/share/texmf-dist/tex/latex/base/article.cls
Document Class: article 2014/09/29 v1.4h Standard LaTeX document class
(/usr/share/texmf-dist/tex/latex/base/size10.clo(load luc: /home/vrelda/.texlive/texmf-var/luatex-cache/generic/fonts/otl/lmroman10-regular.luc))) (/usr/share/texmf-dist/tex/generic/babel/babel.sty (/usr/share/texmf-dist/tex/generic/babel/switch.def) (/usr/share/texmf-dist/tex/generic/babel/luababel.def) (/usr/share/texmf-dist/tex/generic/babel-english/english.ldf (/usr/share/texmf-dist/tex/generic/babel/babel.def (/usr/share/texmf-dist/tex/generic/babel/luababel.def)))) (/usr/share/texmf-dist/tex/latex/geometry/geometry.sty (/usr/share/texmf-dist/tex/latex/graphics/keyval.sty) (/usr/share/texmf-dist/tex/generic/oberdiek/ifpdf.sty) (/usr/share/texmf-dist/tex/generic/oberdiek/ifvtex.sty) (/usr/share/texmf-dist/tex/generic/ifxetex/ifxetex.sty)) (/usr/share/texmf-dist/tex/latex/fancyhdr/fancyhdr.sty) (/usr/share/texmf-dist/tex/latex/datetime/datetime.sty (/usr/share/texmf-dist/tex/latex/etoolbox/etoolbox.sty) (/usr/share/texmf-dist/tex/latex/fmtcount/fmtcount.sty (/usr/share/texmf-dist/tex/latex/base/ifthen.sty) (/usr/share/texmf-dist/tex/latex/xkeyval/xkeyval.sty (/usr/share/texmf-dist/tex/generic/xkeyval/xkeyval.tex (/usr/share/texmf-dist/tex/generic/xkeyval/xkvutils.tex))) (/usr/share/texmf-dist/tex/latex/fmtcount/fcprefix.sty (/usr/share/texmf-dist/tex/latex/fmtcount/fcnumparser.sty)) (/usr/share/texmf-dist/tex/latex/amsmath/amsgen.sty) (/usr/share/texmf-dist/tex/latex/fmtcount/fc-english.def)) (/usr/share/texmf-dist/tex/latex/datetime/datetime-defaults.sty)) (/usr/share/texmf-dist/tex/latex/lastpage/lastpage.sty) (./personal_statement.aux)
*geometry* driver: auto-detecting
*geometry* detected driver: luatex
(load luc: /home/vrelda/.texlive/texmf-var/luatex-cache/generic/fonts/otl/lmroman12-regular.luc)(load luc: /home/vrelda/.texlive/texmf-var/luatex-cache/generic/fonts/otl/lmroman12-bold.luc) 
AED: lastpage setting LastPage
(load luc: /home/vrelda/.texlive/texmf-var/luatex-cache/generic/fonts/otl/lmroman7-regular.luc)

Package Fancyhdr Warning: \headheight is too small (12.0pt): 
 Make it at least 12.08696pt.
 We now make it that large for the rest of the document.
 This may cause the page layout to be inconsistent, however.

[1{/var/lib/texmf/fonts/map/pdftex/updmap/pdftex.map}] (./personal_statement.aux))
 367 words of node memory still in use:
   2 hlist, 1 vlist, 1 rule, 2 glue, 4 attribute, 46 glue_spec, 4 attribute_list, 2 write nodes
   avail lists: 1:1,2:90,3:26,4:8,5:242,6:8,7:3657,8:7,9:82,10:6,11:283
</usr/share/texmf-dist/fonts/opentype/public/lm/lmroman12-bold.otf></usr/share/texmf-dist/fonts/opentype/public/lm/lmroman7-regular.otf></usr/share/texmf-dist/fonts/opentype/public/lm/lmroman10-regular.otf>
Output written on personal_statement.pdf (1 page, 15783 bytes).
SyncTeX written on personal_statement.synctex.gz.
Transcript written on personal_statement.log.
This is LuaTeX, Version 1.07.0 (TeX Live 2018/Arch Linux) 
 restricted system commands enabled.
(/media/hdd1/documents/study/personal_statement.tex
LaTeX2e <2018-04-01> patch level 5
(using write cache: /home/vrelda/.texlive/texmf-var/luatex-cache/generic)(using read cache: /var/lib/texmf/luatex-cache/generic /home/vrelda/.texlive/texmf-var/luatex-cache/generic)
luaotfload | main : initialization completed in 0.071 seconds (/usr/share/texmf-dist/tex/latex/base/article.cls
Document Class: article 2014/09/29 v1.4h Standard LaTeX document class
(/usr/share/texmf-dist/tex/latex/base/size10.clo(load luc: /home/vrelda/.texlive/texmf-var/luatex-cache/generic/fonts/otl/lmroman10-regular.luc))) (/usr/share/texmf-dist/tex/generic/babel/babel.sty (/usr/share/texmf-dist/tex/generic/babel/switch.def) (/usr/share/texmf-dist/tex/generic/babel/luababel.def) (/usr/share/texmf-dist/tex/generic/babel-english/english.ldf (/usr/share/texmf-dist/tex/generic/babel/babel.def (/usr/share/texmf-dist/tex/generic/babel/luababel.def)))) (/usr/share/texmf-dist/tex/latex/geometry/geometry.sty (/usr/share/texmf-dist/tex/latex/graphics/keyval.sty) (/usr/share/texmf-dist/tex/generic/oberdiek/ifpdf.sty) (/usr/share/texmf-dist/tex/generic/oberdiek/ifvtex.sty) (/usr/share/texmf-dist/tex/generic/ifxetex/ifxetex.sty)) (/usr/share/texmf-dist/tex/latex/fancyhdr/fancyhdr.sty) (/usr/share/texmf-dist/tex/latex/datetime/datetime.sty (/usr/share/texmf-dist/tex/latex/etoolbox/etoolbox.sty) (/usr/share/texmf-dist/tex/latex/fmtcount/fmtcount.sty (/usr/share/texmf-dist/tex/latex/base/ifthen.sty) (/usr/share/texmf-dist/tex/latex/xkeyval/xkeyval.sty (/usr/share/texmf-dist/tex/generic/xkeyval/xkeyval.tex (/usr/share/texmf-dist/tex/generic/xkeyval/xkvutils.tex))) (/usr/share/texmf-dist/tex/latex/fmtcount/fcprefix.sty (/usr/share/texmf-dist/tex/latex/fmtcount/fcnumparser.sty)) (/usr/share/texmf-dist/tex/latex/amsmath/amsgen.sty) (/usr/share/texmf-dist/tex/latex/fmtcount/fc-english.def)) (/usr/share/texmf-dist/tex/latex/datetime/datetime-defaults.sty)) (/usr/share/texmf-dist/tex/latex/lastpage/lastpage.sty) (./personal_statement.aux)
*geometry* driver: auto-detecting
*geometry* detected driver: luatex
(load luc: /home/vrelda/.texlive/texmf-var/luatex-cache/generic/fonts/otl/lmroman12-regular.luc)(load luc: /home/vrelda/.texlive/texmf-var/luatex-cache/generic/fonts/otl/lmroman12-bold.luc) 
AED: lastpage setting LastPage
(load luc: /home/vrelda/.texlive/texmf-var/luatex-cache/generic/fonts/otl/lmroman7-regular.luc)

Package Fancyhdr Warning: \headheight is too small (12.0pt): 
 Make it at least 12.08696pt.
 We now make it that large for the rest of the document.
 This may cause the page layout to be inconsistent, however.

[1{/var/lib/texmf/fonts/map/pdftex/updmap/pdftex.map}] (./personal_statement.aux))
 367 words of node memory still in use:
   2 hlist, 1 vlist, 1 rule, 2 glue, 4 attribute, 46 glue_spec, 4 attribute_list, 2 write nodes
   avail lists: 1:1,2:90,3:26,4:8,5:242,6:8,7:3682,8:7,9:81,10:6,11:286
</usr/share/texmf-dist/fonts/opentype/public/lm/lmroman12-bold.otf></usr/share/texmf-dist/fonts/opentype/public/lm/lmroman7-regular.otf></usr/share/texmf-dist/fonts/opentype/public/lm/lmroman10-regular.otf>
Output written on personal_statement.pdf (1 page, 15774 bytes).
SyncTeX written on personal_statement.synctex.gz.
Transcript written on personal_statement.log.
This is LuaTeX, Version 1.07.0 (TeX Live 2018/Arch Linux) 
 restricted system commands enabled.
(/media/hdd1/documents/study/personal_statement.tex
LaTeX2e <2018-04-01> patch level 5
(using write cache: /home/vrelda/.texlive/texmf-var/luatex-cache/generic)(using read cache: /var/lib/texmf/luatex-cache/generic /home/vrelda/.texlive/texmf-var/luatex-cache/generic)
luaotfload | main : initialization completed in 0.071 seconds (/usr/share/texmf-dist/tex/latex/base/article.cls
Document Class: article 2014/09/29 v1.4h Standard LaTeX document class
(/usr/share/texmf-dist/tex/latex/base/size10.clo(load luc: /home/vrelda/.texlive/texmf-var/luatex-cache/generic/fonts/otl/lmroman10-regular.luc))) (/usr/share/texmf-dist/tex/generic/babel/babel.sty (/usr/share/texmf-dist/tex/generic/babel/switch.def) (/usr/share/texmf-dist/tex/generic/babel/luababel.def) (/usr/share/texmf-dist/tex/generic/babel-english/english.ldf (/usr/share/texmf-dist/tex/generic/babel/babel.def (/usr/share/texmf-dist/tex/generic/babel/luababel.def)))) (/usr/share/texmf-dist/tex/latex/geometry/geometry.sty (/usr/share/texmf-dist/tex/latex/graphics/keyval.sty) (/usr/share/texmf-dist/tex/generic/oberdiek/ifpdf.sty) (/usr/share/texmf-dist/tex/generic/oberdiek/ifvtex.sty) (/usr/share/texmf-dist/tex/generic/ifxetex/ifxetex.sty)) (/usr/share/texmf-dist/tex/latex/fancyhdr/fancyhdr.sty) (/usr/share/texmf-dist/tex/latex/datetime/datetime.sty (/usr/share/texmf-dist/tex/latex/etoolbox/etoolbox.sty) (/usr/share/texmf-dist/tex/latex/fmtcount/fmtcount.sty (/usr/share/texmf-dist/tex/latex/base/ifthen.sty) (/usr/share/texmf-dist/tex/latex/xkeyval/xkeyval.sty (/usr/share/texmf-dist/tex/generic/xkeyval/xkeyval.tex (/usr/share/texmf-dist/tex/generic/xkeyval/xkvutils.tex))) (/usr/share/texmf-dist/tex/latex/fmtcount/fcprefix.sty (/usr/share/texmf-dist/tex/latex/fmtcount/fcnumparser.sty)) (/usr/share/texmf-dist/tex/latex/amsmath/amsgen.sty) (/usr/share/texmf-dist/tex/latex/fmtcount/fc-english.def)) (/usr/share/texmf-dist/tex/latex/datetime/datetime-defaults.sty)) (/usr/share/texmf-dist/tex/latex/lastpage/lastpage.sty) (./personal_statement.aux)
*geometry* driver: auto-detecting
*geometry* detected driver: luatex
(load luc: /home/vrelda/.texlive/texmf-var/luatex-cache/generic/fonts/otl/lmroman12-regular.luc)(load luc: /home/vrelda/.texlive/texmf-var/luatex-cache/generic/fonts/otl/lmroman12-bold.luc) 
AED: lastpage setting LastPage
(load luc: /home/vrelda/.texlive/texmf-var/luatex-cache/generic/fonts/otl/lmroman7-regular.luc)

Package Fancyhdr Warning: \headheight is too small (12.0pt): 
 Make it at least 12.08696pt.
 We now make it that large for the rest of the document.
 This may cause the page layout to be inconsistent, however.

[1{/var/lib/texmf/fonts/map/pdftex/updmap/pdftex.map}] (./personal_statement.aux))
 367 words of node memory still in use:
   2 hlist, 1 vlist, 1 rule, 2 glue, 4 attribute, 46 glue_spec, 4 attribute_list, 2 write nodes
   avail lists: 1:1,2:92,3:28,4:8,5:271,6:8,7:4016,8:7,9:86,10:7,11:306
</usr/share/texmf-dist/fonts/opentype/public/lm/lmroman12-bold.otf></usr/share/texmf-dist/fonts/opentype/public/lm/lmroman7-regular.otf></usr/share/texmf-dist/fonts/opentype/public/lm/lmroman10-regular.otf>
Output written on personal_statement.pdf (1 page, 16266 bytes).
SyncTeX written on personal_statement.synctex.gz.
Transcript written on personal_statement.log.
