[2018-10-06 08:07:18.895] [sharedprocess] [info] main {"machineId":"7e7e30900b0dba6a5864663370066ccb2459feb84b8c8f83970d1a9d4e71981e"}
[2018-10-06 08:07:18.950] [sharedprocess] [info] Scanned user extensions: 9
[2018-10-06 08:07:18.957] [sharedprocess] [info] Scanned user extensions: 9
[2018-10-06 08:07:18.959] [sharedprocess] [info] Scanned user extensions: 9
[2018-10-06 08:07:18.992] [sharedprocess] [info] Scanned system extensions: 71
[2018-10-06 08:07:18.992] [sharedprocess] [info] Scanned system extensions: 71
[2018-10-06 08:07:19.413] [sharedprocess] [info] Scanned user extensions: 9
[2018-10-06 08:07:20.510] [sharedprocess] [info] Installing extension: vim
[2018-10-06 08:07:20.519] [sharedprocess] [info] Scanned user extensions: 9
[2018-10-06 08:07:39.217] [sharedprocess] [info] Downloaded extension: vim /tmp/06474023-394b-481a-98a3-bff300445d1f
[2018-10-06 08:07:40.346] [sharedprocess] [info] Extracted extension to /home/vrelda/.vscode/extensions/.vscodevim.vim-0.16.7: vscodevim.vim-0.16.7
[2018-10-06 08:07:40.347] [sharedprocess] [info] Renamed to /home/vrelda/.vscode/extensions/vscodevim.vim-0.16.7
[2018-10-06 08:07:40.347] [sharedprocess] [info] Installation completed. vscodevim.vim-0.16.7
[2018-10-06 08:07:40.365] [sharedprocess] [info] Extensions installed successfully: vscodevim.vim
[2018-10-06 08:07:40.478] [sharedprocess] [info] Scanned user extensions: 9
[2018-10-06 08:07:40.490] [sharedprocess] [info] Scanned system extensions: 71
[2018-10-06 08:07:58.902] [sharedprocess] [info] Starting to clean up unused language packs.
[2018-10-06 08:10:44.679] [sharedprocess] [info] Scanned user extensions: 9
[2018-10-06 08:10:44.683] [sharedprocess] [info] Scanned user extensions: 9
[2018-10-06 08:10:44.707] [sharedprocess] [info] Scanned system extensions: 71
[2018-10-06 08:10:44.742] [sharedprocess] [info] Scanned user extensions: 9
[2018-10-06 08:10:44.757] [sharedprocess] [info] Scanned system extensions: 71
[2018-10-06 08:10:47.731] [sharedprocess] [info] Scanned user extensions: 9
[2018-10-06 08:15:47.756] [sharedprocess] [info] Scanned user extensions: 9
[2018-10-06 08:20:47.770] [sharedprocess] [info] Scanned user extensions: 9
[2018-10-06 08:25:47.787] [sharedprocess] [info] Scanned user extensions: 9
[2018-10-06 08:30:47.803] [sharedprocess] [info] Scanned user extensions: 9
[2018-10-06 08:35:47.817] [sharedprocess] [info] Scanned user extensions: 9
[2018-10-06 08:40:47.829] [sharedprocess] [info] Scanned user extensions: 9
