[2018-10-04 17:10:52.665] [sharedprocess] [info] main {"machineId":"7e7e30900b0dba6a5864663370066ccb2459feb84b8c8f83970d1a9d4e71981e"}
[2018-10-04 17:10:52.809] [sharedprocess] [info] Scanned user extensions: 8
[2018-10-04 17:10:53.130] [sharedprocess] [info] Deleted from disk hookyqr.beautify-1.4.4
[2018-10-04 17:10:53.139] [sharedprocess] [info] Scanned system extensions: 71
[2018-10-04 17:10:53.143] [sharedprocess] [info] Scanned system extensions: 71
[2018-10-04 17:10:53.145] [sharedprocess] [info] Scanned system extensions: 71
[2018-10-04 17:10:53.145] [sharedprocess] [info] Deleted from disk esbenp.prettier-vscode-1.6.1
[2018-10-04 17:10:54.017] [sharedprocess] [info] Scanned user extensions: 8
[2018-10-04 17:10:55.196] [sharedprocess] [info] Scanned user extensions: 8
[2018-10-04 17:10:55.229] [sharedprocess] [info] Scanned user extensions: 8
[2018-10-04 17:10:55.250] [sharedprocess] [info] Scanned user extensions: 8
[2018-10-04 17:11:32.668] [sharedprocess] [info] Starting to clean up unused language packs.
[2018-10-04 17:15:55.263] [sharedprocess] [info] Scanned user extensions: 8
[2018-10-04 17:20:55.276] [sharedprocess] [info] Scanned user extensions: 8
[2018-10-04 17:25:55.289] [sharedprocess] [info] Scanned user extensions: 8
[2018-10-04 17:30:55.301] [sharedprocess] [info] Scanned user extensions: 8
[2018-10-04 17:35:55.317] [sharedprocess] [info] Scanned user extensions: 8
[2018-10-04 17:40:55.331] [sharedprocess] [info] Scanned user extensions: 8
[2018-10-04 17:45:55.338] [sharedprocess] [info] Scanned user extensions: 8
[2018-10-04 17:50:55.355] [sharedprocess] [info] Scanned user extensions: 8
[2018-10-04 17:55:55.365] [sharedprocess] [info] Scanned user extensions: 8
[2018-10-04 18:00:55.377] [sharedprocess] [info] Scanned user extensions: 8
[2018-10-04 18:05:55.389] [sharedprocess] [info] Scanned user extensions: 8
[2018-10-04 18:10:55.544] [sharedprocess] [info] Scanned user extensions: 8
[2018-10-04 18:15:55.558] [sharedprocess] [info] Scanned user extensions: 8
[2018-10-04 18:20:55.568] [sharedprocess] [info] Scanned user extensions: 8
[2018-10-04 18:25:55.577] [sharedprocess] [info] Scanned user extensions: 8
[2018-10-04 18:30:55.592] [sharedprocess] [info] Scanned user extensions: 8
[2018-10-04 18:35:55.606] [sharedprocess] [info] Scanned user extensions: 8
