[2018-10-03 19:03:57.051] [sharedprocess] [info] main {"machineId":"7e7e30900b0dba6a5864663370066ccb2459feb84b8c8f83970d1a9d4e71981e"}
[2018-10-03 19:03:57.082] [sharedprocess] [info] Scanned user extensions: 0
[2018-10-03 19:03:57.088] [sharedprocess] [info] Scanned user extensions: 0
[2018-10-03 19:03:57.090] [sharedprocess] [info] Scanned user extensions: 0
[2018-10-03 19:03:57.092] [sharedprocess] [info] Scanned user extensions: 0
[2018-10-03 19:03:57.131] [sharedprocess] [info] Scanned system extensions: 71
[2018-10-03 19:03:57.131] [sharedprocess] [info] Scanned system extensions: 71
[2018-10-03 19:03:57.133] [sharedprocess] [info] Scanned system extensions: 71
[2018-10-03 19:03:57.773] [sharedprocess] [info] Scanned user extensions: 0
[2018-10-03 19:04:12.509] [sharedprocess] [info] Scanned user extensions: 0
[2018-10-03 19:04:12.543] [sharedprocess] [info] Scanned user extensions: 0
[2018-10-03 19:04:12.558] [sharedprocess] [info] Scanned system extensions: 71
[2018-10-03 19:04:17.601] [sharedprocess] [info] Scanned user extensions: 0
[2018-10-03 19:04:17.630] [sharedprocess] [info] Scanned system extensions: 71
[2018-10-03 19:04:17.633] [sharedprocess] [info] Scanned user extensions: 0
[2018-10-03 19:04:17.650] [sharedprocess] [info] Scanned system extensions: 71
[2018-10-03 19:04:18.132] [sharedprocess] [info] Installing extension: python
[2018-10-03 19:04:18.133] [sharedprocess] [info] Scanned user extensions: 0
[2018-10-03 19:04:18.386] [sharedprocess] [info] Downloaded extension: python /tmp/e5c390ca-c327-4914-9d9d-4616d5f339f2
[2018-10-03 19:04:20.851] [sharedprocess] [info] Extracted extension to /home/vrelda/.vscode/extensions/.ms-python.python-2018.8.0: ms-python.python-2018.8.0
[2018-10-03 19:04:20.851] [sharedprocess] [info] Renamed to /home/vrelda/.vscode/extensions/ms-python.python-2018.8.0
[2018-10-03 19:04:20.851] [sharedprocess] [info] Installation completed. ms-python.python-2018.8.0
[2018-10-03 19:04:20.877] [sharedprocess] [info] Extensions installed successfully: ms-python.python
[2018-10-03 19:04:20.985] [sharedprocess] [info] Scanned user extensions: 1
[2018-10-03 19:04:21.001] [sharedprocess] [info] Scanned system extensions: 71
[2018-10-03 19:04:21.623] [sharedprocess] [info] Installing extension: beautify
[2018-10-03 19:04:21.625] [sharedprocess] [info] Scanned user extensions: 1
[2018-10-03 19:04:22.829] [sharedprocess] [info] Downloaded extension: beautify /tmp/5a3eb076-957f-4eb5-80d6-01793a6ddcec
[2018-10-03 19:04:22.922] [sharedprocess] [info] Extracted extension to /home/vrelda/.vscode/extensions/.hookyqr.beautify-1.4.4: hookyqr.beautify-1.4.4
[2018-10-03 19:04:22.922] [sharedprocess] [info] Renamed to /home/vrelda/.vscode/extensions/hookyqr.beautify-1.4.4
[2018-10-03 19:04:22.922] [sharedprocess] [info] Installation completed. hookyqr.beautify-1.4.4
[2018-10-03 19:04:22.949] [sharedprocess] [info] Extensions installed successfully: hookyqr.beautify
[2018-10-03 19:04:23.059] [sharedprocess] [info] Scanned user extensions: 2
[2018-10-03 19:04:23.073] [sharedprocess] [info] Scanned system extensions: 71
[2018-10-03 19:04:29.026] [sharedprocess] [info] Scanned user extensions: 2
[2018-10-03 19:04:29.042] [sharedprocess] [info] Scanned system extensions: 71
[2018-10-03 19:04:34.612] [sharedprocess] [info] Installing extension: vim
[2018-10-03 19:04:34.614] [sharedprocess] [info] Scanned user extensions: 2
[2018-10-03 19:04:37.054] [sharedprocess] [info] Starting to clean up unused language packs.
[2018-10-03 19:04:38.303] [sharedprocess] [info] Downloaded extension: vim /tmp/a307403a-6e94-44f0-81b2-add587b31319
[2018-10-03 19:04:39.270] [sharedprocess] [info] Extracted extension to /home/vrelda/.vscode/extensions/.vscodevim.vim-0.16.6: vscodevim.vim-0.16.6
[2018-10-03 19:04:39.270] [sharedprocess] [info] Renamed to /home/vrelda/.vscode/extensions/vscodevim.vim-0.16.6
[2018-10-03 19:04:39.270] [sharedprocess] [info] Installation completed. vscodevim.vim-0.16.6
[2018-10-03 19:04:39.285] [sharedprocess] [info] Extensions installed successfully: vscodevim.vim
[2018-10-03 19:04:39.394] [sharedprocess] [info] Scanned user extensions: 3
[2018-10-03 19:04:39.409] [sharedprocess] [info] Scanned system extensions: 71
[2018-10-03 19:04:43.743] [sharedprocess] [info] Installing extension: monokai-vibrant
[2018-10-03 19:04:43.745] [sharedprocess] [info] Scanned user extensions: 3
[2018-10-03 19:04:44.187] [sharedprocess] [info] Downloaded extension: monokai-vibrant /tmp/fc476c6e-7df8-407b-8625-59e7a4bbeab4
[2018-10-03 19:04:44.196] [sharedprocess] [info] Extracted extension to /home/vrelda/.vscode/extensions/.s3gf4ult.monokai-vibrant-0.4.0: s3gf4ult.monokai-vibrant-0.4.0
[2018-10-03 19:04:44.196] [sharedprocess] [info] Renamed to /home/vrelda/.vscode/extensions/s3gf4ult.monokai-vibrant-0.4.0
[2018-10-03 19:04:44.196] [sharedprocess] [info] Installation completed. s3gf4ult.monokai-vibrant-0.4.0
[2018-10-03 19:04:44.206] [sharedprocess] [info] Extensions installed successfully: s3gf4ult.monokai-vibrant
[2018-10-03 19:04:44.320] [sharedprocess] [info] Scanned user extensions: 4
[2018-10-03 19:04:44.334] [sharedprocess] [info] Scanned system extensions: 71
[2018-10-03 19:04:46.427] [sharedprocess] [info] Scanned user extensions: 4
[2018-10-03 19:04:46.439] [sharedprocess] [info] Scanned system extensions: 71
[2018-10-03 19:04:53.592] [sharedprocess] [info] Installing extension: prettier-vscode
[2018-10-03 19:04:53.594] [sharedprocess] [info] Scanned user extensions: 4
[2018-10-03 19:04:53.957] [sharedprocess] [info] Downloaded extension: prettier-vscode /tmp/0c95b2cc-bef8-469a-915e-fb86213a8bd3
[2018-10-03 19:04:57.499] [sharedprocess] [info] Extracted extension to /home/vrelda/.vscode/extensions/.esbenp.prettier-vscode-1.6.1: esbenp.prettier-vscode-1.6.1
[2018-10-03 19:04:57.500] [sharedprocess] [info] Renamed to /home/vrelda/.vscode/extensions/esbenp.prettier-vscode-1.6.1
[2018-10-03 19:04:57.500] [sharedprocess] [info] Installation completed. esbenp.prettier-vscode-1.6.1
[2018-10-03 19:04:57.529] [sharedprocess] [info] Extensions installed successfully: esbenp.prettier-vscode
[2018-10-03 19:04:57.641] [sharedprocess] [info] Scanned user extensions: 5
[2018-10-03 19:04:57.651] [sharedprocess] [info] Scanned system extensions: 71
[2018-10-03 19:05:28.727] [sharedprocess] [info] Installing extension: prettier-now
[2018-10-03 19:05:28.729] [sharedprocess] [info] Scanned user extensions: 5
[2018-10-03 19:05:32.540] [sharedprocess] [info] Scanned user extensions: 5
[2018-10-03 19:05:32.540] [sharedprocess] [info] Uninstalling extension: esbenp.prettier-vscode-1.6.1
[2018-10-03 19:05:32.543] [sharedprocess] [info] Scanned user extensions: 5
[2018-10-03 19:05:32.562] [sharedprocess] [info] Successfully uninstalled extension: esbenp.prettier-vscode-1.6.1
[2018-10-03 19:05:32.936] [sharedprocess] [info] Scanned user extensions: 4
[2018-10-03 19:05:32.941] [sharedprocess] [info] Scanned system extensions: 71
[2018-10-03 19:05:46.940] [sharedprocess] [info] Downloaded extension: prettier-now /tmp/722375b9-1443-48e7-9a46-08d2dc22d8a4
[2018-10-03 19:05:49.031] [sharedprocess] [info] Extracted extension to /home/vrelda/.vscode/extensions/.remimarsal.prettier-now-1.4.9: remimarsal.prettier-now-1.4.9
[2018-10-03 19:05:49.031] [sharedprocess] [info] Renamed to /home/vrelda/.vscode/extensions/remimarsal.prettier-now-1.4.9
[2018-10-03 19:05:49.031] [sharedprocess] [info] Installation completed. remimarsal.prettier-now-1.4.9
[2018-10-03 19:05:49.050] [sharedprocess] [info] Extensions installed successfully: remimarsal.prettier-now
[2018-10-03 19:05:49.173] [sharedprocess] [info] Scanned user extensions: 5
[2018-10-03 19:05:49.186] [sharedprocess] [info] Scanned system extensions: 71
[2018-10-03 19:06:00.835] [sharedprocess] [info] Scanned user extensions: 5
[2018-10-03 19:06:00.837] [sharedprocess] [info] Scanned system extensions: 71
[2018-10-03 19:06:00.854] [sharedprocess] [info] Scanned user extensions: 5
[2018-10-03 19:06:00.874] [sharedprocess] [info] Scanned user extensions: 5
[2018-10-03 19:06:00.908] [sharedprocess] [info] Scanned user extensions: 5
[2018-10-03 19:06:00.920] [sharedprocess] [info] Scanned system extensions: 71
[2018-10-03 19:06:00.921] [sharedprocess] [info] Scanned system extensions: 71
[2018-10-03 19:06:00.922] [sharedprocess] [info] Scanned system extensions: 71
[2018-10-03 19:06:00.924] [sharedprocess] [info] Scanned user extensions: 5
[2018-10-03 19:06:00.938] [sharedprocess] [info] Scanned user extensions: 5
[2018-10-03 19:06:00.974] [sharedprocess] [info] Scanned user extensions: 5
[2018-10-03 19:06:00.975] [sharedprocess] [info] Scanned system extensions: 71
[2018-10-03 19:06:03.953] [sharedprocess] [info] Scanned user extensions: 5
[2018-10-03 19:06:04.578] [sharedprocess] [info] Scanned user extensions: 5
[2018-10-03 19:06:04.578] [sharedprocess] [info] Uninstalling extension: hookyqr.beautify-1.4.4
[2018-10-03 19:06:04.583] [sharedprocess] [info] Scanned user extensions: 5
[2018-10-03 19:06:04.587] [sharedprocess] [info] Successfully uninstalled extension: hookyqr.beautify-1.4.4
[2018-10-03 19:06:04.893] [sharedprocess] [info] Scanned user extensions: 4
[2018-10-03 19:06:04.898] [sharedprocess] [info] Scanned system extensions: 71
[2018-10-03 19:06:31.231] [sharedprocess] [info] Scanned system extensions: 71
[2018-10-03 19:06:31.238] [sharedprocess] [info] Scanned user extensions: 4
[2018-10-03 19:06:31.260] [sharedprocess] [info] Scanned user extensions: 4
[2018-10-03 19:06:31.277] [sharedprocess] [info] Scanned user extensions: 4
[2018-10-03 19:06:31.300] [sharedprocess] [info] Scanned user extensions: 4
[2018-10-03 19:06:31.301] [sharedprocess] [info] Scanned system extensions: 71
[2018-10-03 19:06:31.303] [sharedprocess] [info] Scanned system extensions: 71
[2018-10-03 19:06:31.304] [sharedprocess] [info] Scanned system extensions: 71
[2018-10-03 19:06:31.311] [sharedprocess] [info] Scanned user extensions: 4
[2018-10-03 19:06:31.323] [sharedprocess] [info] Scanned user extensions: 4
[2018-10-03 19:06:31.367] [sharedprocess] [info] Scanned user extensions: 4
[2018-10-03 19:06:31.371] [sharedprocess] [info] Scanned system extensions: 71
[2018-10-03 19:06:34.344] [sharedprocess] [info] Scanned user extensions: 4
[2018-10-03 19:06:51.555] [sharedprocess] [info] Installing extension: vscode-dashboard
[2018-10-03 19:06:51.570] [sharedprocess] [info] Scanned user extensions: 4
[2018-10-03 19:06:51.842] [sharedprocess] [info] Downloaded extension: vscode-dashboard /tmp/2a5245c2-92ae-413d-a917-43c60433ed5a
[2018-10-03 19:06:51.891] [sharedprocess] [info] Extracted extension to /home/vrelda/.vscode/extensions/.kruemelkatze.vscode-dashboard-1.1.0: kruemelkatze.vscode-dashboard-1.1.0
[2018-10-03 19:06:51.891] [sharedprocess] [info] Renamed to /home/vrelda/.vscode/extensions/kruemelkatze.vscode-dashboard-1.1.0
[2018-10-03 19:06:51.891] [sharedprocess] [info] Installation completed. kruemelkatze.vscode-dashboard-1.1.0
[2018-10-03 19:06:51.901] [sharedprocess] [info] Extensions installed successfully: kruemelkatze.vscode-dashboard
[2018-10-03 19:06:52.029] [sharedprocess] [info] Scanned system extensions: 71
[2018-10-03 19:06:52.039] [sharedprocess] [info] Scanned user extensions: 5
[2018-10-03 19:06:53.884] [sharedprocess] [info] Scanned user extensions: 5
[2018-10-03 19:06:53.885] [sharedprocess] [info] Scanned system extensions: 71
[2018-10-03 19:06:53.902] [sharedprocess] [info] Scanned user extensions: 5
[2018-10-03 19:06:53.922] [sharedprocess] [info] Scanned user extensions: 5
[2018-10-03 19:06:53.950] [sharedprocess] [info] Scanned user extensions: 5
[2018-10-03 19:06:53.968] [sharedprocess] [info] Scanned user extensions: 5
[2018-10-03 19:06:53.969] [sharedprocess] [info] Scanned system extensions: 71
[2018-10-03 19:06:53.971] [sharedprocess] [info] Scanned system extensions: 71
[2018-10-03 19:06:53.972] [sharedprocess] [info] Scanned system extensions: 71
[2018-10-03 19:06:53.988] [sharedprocess] [info] Scanned user extensions: 5
[2018-10-03 19:06:54.023] [sharedprocess] [info] Scanned user extensions: 5
[2018-10-03 19:06:54.026] [sharedprocess] [info] Scanned system extensions: 71
[2018-10-03 19:06:57.012] [sharedprocess] [info] Scanned user extensions: 5
[2018-10-03 19:07:02.320] [sharedprocess] [info] Scanned system extensions: 71
[2018-10-03 19:07:02.336] [sharedprocess] [info] Scanned user extensions: 5
[2018-10-03 19:07:02.356] [sharedprocess] [info] Scanned user extensions: 5
[2018-10-03 19:07:05.393] [sharedprocess] [info] Scanned user extensions: 5
[2018-10-03 19:12:05.432] [sharedprocess] [info] Scanned user extensions: 5
[2018-10-03 19:17:05.468] [sharedprocess] [info] Scanned user extensions: 5
[2018-10-03 19:22:05.505] [sharedprocess] [info] Scanned user extensions: 5
[2018-10-03 19:27:05.527] [sharedprocess] [info] Scanned user extensions: 5
[2018-10-03 19:32:05.554] [sharedprocess] [info] Scanned user extensions: 5
[2018-10-03 19:37:05.582] [sharedprocess] [info] Scanned user extensions: 5
[2018-10-03 19:42:05.609] [sharedprocess] [info] Scanned user extensions: 5
[2018-10-03 19:42:16.570] [sharedprocess] [info] Scanned user extensions: 5
[2018-10-03 19:42:16.608] [sharedprocess] [info] Scanned user extensions: 5
[2018-10-03 19:42:16.627] [sharedprocess] [info] Scanned user extensions: 5
[2018-10-03 19:42:16.628] [sharedprocess] [info] Scanned system extensions: 71
[2018-10-03 19:42:16.629] [sharedprocess] [info] Scanned system extensions: 71
[2018-10-03 19:42:16.631] [sharedprocess] [info] Scanned system extensions: 71
[2018-10-03 19:42:16.645] [sharedprocess] [info] Scanned user extensions: 5
[2018-10-03 19:42:21.171] [sharedprocess] [info] Installing extension: vscode-wakatime
[2018-10-03 19:42:21.202] [sharedprocess] [info] Scanned user extensions: 5
[2018-10-03 19:42:21.576] [sharedprocess] [info] Downloaded extension: vscode-wakatime /tmp/983d7d2b-361a-434d-856c-3d3c8a71c79b
[2018-10-03 19:42:21.884] [sharedprocess] [info] Extracted extension to /home/vrelda/.vscode/extensions/.wakatime.vscode-wakatime-1.2.3: wakatime.vscode-wakatime-1.2.3
[2018-10-03 19:42:21.884] [sharedprocess] [info] Renamed to /home/vrelda/.vscode/extensions/wakatime.vscode-wakatime-1.2.3
[2018-10-03 19:42:21.884] [sharedprocess] [info] Installation completed. wakatime.vscode-wakatime-1.2.3
[2018-10-03 19:42:21.897] [sharedprocess] [info] Extensions installed successfully: wakatime.vscode-wakatime
[2018-10-03 19:42:22.021] [sharedprocess] [info] Scanned system extensions: 71
[2018-10-03 19:42:22.031] [sharedprocess] [info] Scanned user extensions: 6
[2018-10-03 19:42:24.887] [sharedprocess] [info] Scanned user extensions: 6
[2018-10-03 19:42:24.890] [sharedprocess] [info] Scanned system extensions: 71
[2018-10-03 19:42:24.891] [sharedprocess] [info] Scanned system extensions: 71
[2018-10-03 19:42:24.891] [sharedprocess] [info] Scanned system extensions: 71
[2018-10-03 19:42:24.903] [sharedprocess] [info] Scanned user extensions: 6
[2018-10-03 19:42:24.924] [sharedprocess] [info] Scanned user extensions: 6
[2018-10-03 19:42:56.096] [sharedprocess] [info] Installing extension: vscode-icons
[2018-10-03 19:42:56.129] [sharedprocess] [info] Scanned user extensions: 6
[2018-10-03 19:42:59.049] [sharedprocess] [info] Downloaded extension: vscode-icons /tmp/f39213a7-7400-42b9-b8d2-c0f24ff83de8
[2018-10-03 19:42:59.821] [sharedprocess] [info] Extracted extension to /home/vrelda/.vscode/extensions/.robertohuertasm.vscode-icons-7.27.0: robertohuertasm.vscode-icons-7.27.0
[2018-10-03 19:42:59.821] [sharedprocess] [info] Renamed to /home/vrelda/.vscode/extensions/robertohuertasm.vscode-icons-7.27.0
[2018-10-03 19:42:59.821] [sharedprocess] [info] Installation completed. robertohuertasm.vscode-icons-7.27.0
[2018-10-03 19:42:59.833] [sharedprocess] [info] Extensions installed successfully: robertohuertasm.vscode-icons
[2018-10-03 19:42:59.960] [sharedprocess] [info] Scanned user extensions: 7
[2018-10-03 19:42:59.971] [sharedprocess] [info] Scanned system extensions: 71
[2018-10-03 19:43:02.123] [sharedprocess] [info] Scanned system extensions: 71
[2018-10-03 19:43:02.129] [sharedprocess] [info] Scanned user extensions: 7
[2018-10-03 19:43:02.142] [sharedprocess] [info] Scanned user extensions: 7
[2018-10-03 19:43:02.157] [sharedprocess] [info] Scanned user extensions: 7
[2018-10-03 19:43:02.215] [sharedprocess] [info] Scanned user extensions: 7
[2018-10-03 19:43:02.236] [sharedprocess] [info] Scanned user extensions: 7
[2018-10-03 19:43:02.237] [sharedprocess] [info] Scanned system extensions: 71
[2018-10-03 19:43:02.240] [sharedprocess] [info] Scanned system extensions: 71
[2018-10-03 19:43:02.242] [sharedprocess] [info] Scanned system extensions: 71
[2018-10-03 19:43:02.255] [sharedprocess] [info] Scanned user extensions: 7
[2018-10-03 19:43:05.199] [sharedprocess] [info] Scanned user extensions: 7
[2018-10-03 19:46:08.143] [sharedprocess] [info] Scanned user extensions: 7
[2018-10-03 19:46:08.155] [sharedprocess] [info] Scanned system extensions: 71
[2018-10-03 19:46:08.155] [sharedprocess] [info] Scanned system extensions: 71
[2018-10-03 19:46:08.170] [sharedprocess] [info] Scanned user extensions: 7
[2018-10-03 19:46:08.190] [sharedprocess] [info] Scanned user extensions: 7
[2018-10-03 19:46:10.929] [sharedprocess] [info] Scanned user extensions: 7
[2018-10-03 19:46:41.141] [sharedprocess] [info] Scanned user extensions: 7
[2018-10-03 19:46:41.160] [sharedprocess] [info] Scanned user extensions: 7
[2018-10-03 19:46:41.164] [sharedprocess] [info] Scanned system extensions: 71
[2018-10-03 19:46:41.166] [sharedprocess] [info] Scanned system extensions: 71
[2018-10-03 19:46:41.166] [sharedprocess] [info] Scanned system extensions: 71
[2018-10-03 19:46:41.179] [sharedprocess] [info] Scanned user extensions: 7
[2018-10-03 19:46:41.199] [sharedprocess] [info] Scanned user extensions: 7
[2018-10-03 19:46:43.947] [sharedprocess] [info] Scanned user extensions: 7
[2018-10-03 19:46:56.835] [sharedprocess] [info] Scanned user extensions: 7
[2018-10-03 19:46:58.815] [sharedprocess] [info] Installing extension: latex-workshop
[2018-10-03 19:46:58.831] [sharedprocess] [info] Scanned user extensions: 7
[2018-10-03 19:46:59.036] [sharedprocess] [info] Downloaded extension: latex-workshop /tmp/2e053e4e-95cf-423d-bc3d-7b7146bbb95a
[2018-10-03 19:46:59.773] [sharedprocess] [info] Extracted extension to /home/vrelda/.vscode/extensions/.james-yu.latex-workshop-5.10.2: james-yu.latex-workshop-5.10.2
[2018-10-03 19:46:59.773] [sharedprocess] [info] Renamed to /home/vrelda/.vscode/extensions/james-yu.latex-workshop-5.10.2
[2018-10-03 19:46:59.773] [sharedprocess] [info] Installation completed. james-yu.latex-workshop-5.10.2
[2018-10-03 19:46:59.789] [sharedprocess] [info] Extensions installed successfully: james-yu.latex-workshop
[2018-10-03 19:46:59.918] [sharedprocess] [info] Scanned user extensions: 8
[2018-10-03 19:46:59.929] [sharedprocess] [info] Scanned system extensions: 71
[2018-10-03 19:47:02.081] [sharedprocess] [info] Scanned user extensions: 8
[2018-10-03 19:47:02.082] [sharedprocess] [info] Scanned system extensions: 71
[2018-10-03 19:47:02.095] [sharedprocess] [info] Scanned user extensions: 8
[2018-10-03 19:47:02.111] [sharedprocess] [info] Scanned user extensions: 8
[2018-10-03 19:47:02.210] [sharedprocess] [info] Scanned user extensions: 8
[2018-10-03 19:47:02.236] [sharedprocess] [info] Scanned user extensions: 8
[2018-10-03 19:47:02.244] [sharedprocess] [info] Scanned system extensions: 71
[2018-10-03 19:47:02.246] [sharedprocess] [info] Scanned system extensions: 71
[2018-10-03 19:47:02.248] [sharedprocess] [info] Scanned system extensions: 71
[2018-10-03 19:47:02.254] [sharedprocess] [info] Scanned user extensions: 8
[2018-10-03 19:47:05.174] [sharedprocess] [info] Scanned user extensions: 8
[2018-10-03 19:47:38.865] [sharedprocess] [info] Scanned user extensions: 8
[2018-10-03 19:47:38.876] [sharedprocess] [info] Scanned system extensions: 71
[2018-10-03 19:47:38.876] [sharedprocess] [info] Scanned system extensions: 71
[2018-10-03 19:47:38.883] [sharedprocess] [info] Scanned user extensions: 8
[2018-10-03 19:47:38.903] [sharedprocess] [info] Scanned user extensions: 8
[2018-10-03 19:47:41.939] [sharedprocess] [info] Scanned user extensions: 8
[2018-10-03 19:48:04.281] [sharedprocess] [info] Scanned user extensions: 8
[2018-10-03 19:48:04.286] [sharedprocess] [info] Scanned system extensions: 71
[2018-10-03 19:48:04.301] [sharedprocess] [info] Scanned user extensions: 8
[2018-10-03 19:48:07.340] [sharedprocess] [info] Scanned user extensions: 8
[2018-10-03 19:48:22.010] [sharedprocess] [info] Scanned user extensions: 8
[2018-10-03 19:48:22.023] [sharedprocess] [info] Scanned system extensions: 71
[2018-10-03 19:48:22.023] [sharedprocess] [info] Scanned system extensions: 71
[2018-10-03 19:48:22.029] [sharedprocess] [info] Scanned user extensions: 8
[2018-10-03 19:48:22.044] [sharedprocess] [info] Scanned user extensions: 8
[2018-10-03 19:48:25.123] [sharedprocess] [info] Scanned user extensions: 8
[2018-10-03 19:48:33.711] [sharedprocess] [info] Scanned user extensions: 8
[2018-10-03 19:48:33.717] [sharedprocess] [info] Scanned system extensions: 71
[2018-10-03 19:48:33.731] [sharedprocess] [info] Scanned user extensions: 8
[2018-10-03 19:48:36.776] [sharedprocess] [info] Scanned user extensions: 8
[2018-10-03 19:53:36.801] [sharedprocess] [info] Scanned user extensions: 8
[2018-10-03 19:58:36.897] [sharedprocess] [info] Scanned user extensions: 8
[2018-10-03 20:03:36.926] [sharedprocess] [info] Scanned user extensions: 8
[2018-10-03 20:08:37.088] [sharedprocess] [info] Scanned user extensions: 8
[2018-10-03 20:13:37.109] [sharedprocess] [info] Scanned user extensions: 8
[2018-10-03 20:18:37.128] [sharedprocess] [info] Scanned user extensions: 8
[2018-10-03 20:23:37.160] [sharedprocess] [info] Scanned user extensions: 8
[2018-10-03 20:28:37.185] [sharedprocess] [info] Scanned user extensions: 8
[2018-10-03 20:33:37.213] [sharedprocess] [info] Scanned user extensions: 8
[2018-10-03 20:38:37.246] [sharedprocess] [info] Scanned user extensions: 8
[2018-10-03 20:43:37.274] [sharedprocess] [info] Scanned user extensions: 8
[2018-10-03 20:48:37.298] [sharedprocess] [info] Scanned user extensions: 8
[2018-10-03 20:53:37.328] [sharedprocess] [info] Scanned user extensions: 8
[2018-10-03 20:58:37.368] [sharedprocess] [info] Scanned user extensions: 8
[2018-10-03 21:03:37.393] [sharedprocess] [info] Scanned user extensions: 8
[2018-10-03 21:08:37.562] [sharedprocess] [info] Scanned user extensions: 8
[2018-10-03 21:13:37.580] [sharedprocess] [info] Scanned user extensions: 8
[2018-10-03 21:18:37.605] [sharedprocess] [info] Scanned user extensions: 8
[2018-10-03 21:23:37.630] [sharedprocess] [info] Scanned user extensions: 8
[2018-10-03 21:28:37.651] [sharedprocess] [info] Scanned user extensions: 8
[2018-10-03 21:33:37.685] [sharedprocess] [info] Scanned user extensions: 8
[2018-10-03 21:38:37.713] [sharedprocess] [info] Scanned user extensions: 8
[2018-10-03 21:43:37.741] [sharedprocess] [info] Scanned user extensions: 8
[2018-10-03 21:48:37.765] [sharedprocess] [info] Scanned user extensions: 8
[2018-10-03 21:53:37.804] [sharedprocess] [info] Scanned user extensions: 8
[2018-10-03 21:58:37.829] [sharedprocess] [info] Scanned user extensions: 8
[2018-10-03 22:03:37.853] [sharedprocess] [info] Scanned user extensions: 8
[2018-10-03 22:08:38.021] [sharedprocess] [info] Scanned user extensions: 8
[2018-10-03 22:13:38.055] [sharedprocess] [info] Scanned user extensions: 8
[2018-10-03 22:18:38.082] [sharedprocess] [info] Scanned user extensions: 8
[2018-10-03 22:23:38.120] [sharedprocess] [info] Scanned user extensions: 8
[2018-10-03 22:28:38.155] [sharedprocess] [info] Scanned user extensions: 8
[2018-10-03 22:33:38.196] [sharedprocess] [info] Scanned user extensions: 8
[2018-10-03 22:38:38.219] [sharedprocess] [info] Scanned user extensions: 8
[2018-10-03 22:43:38.244] [sharedprocess] [info] Scanned user extensions: 8
